
  _                   .-=-.           .-=-.          .-==-.       
 { }      __        .' O o '.       .' O o '.       /  -<' )--<   
 { }    .' O'.     / o .-. O \     / o .-. O \     /  .---`       
 { }   / .-. o\   /O  /   \  o\   /O  /   \  o\   /O /            
  \ `-` /   \ O`-'o  /     \  O`-'o  /     \  O`-`o /             
   `-.-`     '.____.'       `._____.'       `.____.'              

Serpent 2 beta

A Continuous-energy Monte Carlo Reactor Physics Burnup Calculation Code

 - Version 2.1.29 (June 12, 2017) -- Contact: serpent@vtt.fi

 - Reference: J. Leppanen, et al. "The Serpent Monte Carlo code: Status,
              development and applications in 2013." Ann. Nucl. Energy,
              82 (2015) 142-150.

 - Compiled Sep 29 2017 09:47:13

 - MPI Parallel calculation mode not available

 - OpenMP Parallel calculation mode available

 - Geometry and mesh plotting available

 - Default data path set to: "/afs/psi.ch/project/stars/workspace/COD/SERP/SB-SERP-ACT-001-11/Libraries/jeff311"

Begin calculation on Tue Oct  8 18:52:41 2019

Reading input file "eql_40.serp"...
Reading input file "../../data/fuel_40.serp"...
Reading input file "../../data/materials.serp"...
Reading input file "geometry_40.serp"...

Checking duplicate input definitions...
OK.

Dividing burnable materials...
OK.

Creating geometry...
OK.

Counting geometry zones...


 ***** Warning: Universe 8 is used at multiple levels (1 and 3)

The geometry consists of 4 levels:

Level 0 size: max 4 zones
Level 1 size: max 1 zones
Level 2 size: max 3 zones
Level 3 size: max 1 zones

Processing cells...
OK.

Linking materials to geometry...
OK.

Counting cells...
OK.

Processing data for group constant generation:

 - 70 energy groups in micro-group structure
 - 8 energy groups in macro-group structure
 - B1 fundamental mode calculation is not run
 - Group constants generated in 4 universes
 - Discontinuity factors are not calculated
 - Pin-power distributions are not calculated
 - Albedos are calculated in 1 universes
 - Poison cross sections are not calculated

Reading ACE directory files...
OK.

Reading neutron-induced fission yields...
OK.

Adding nuclides in material fuel...

Nuclide   1001.09c -- hydrogen at 900K (H-1)
Nuclide   1002.09c -- deuterium at 900K (H-2)
Nuclide   1003.09c -- tritium at 900K (H-3)
Nuclide   2003.09c -- helium 3 at 900K (He-3)
Nuclide   2004.09c -- helium 4 at 900K (He-4)
Nuclide   3006.09c -- lithium 6 at 900K (Li-6)
Nuclide   3007.09c -- lithium 7 at 900K (Li-7)
Nuclide   4007.09c -- beryllium 7 at 900K (Be-7)
Nuclide   4009.09c -- beryllium 9 at 900K (Be-9)
Nuclide   5010.09c -- boron 10 at 900K (B-10)
Nuclide   5011.09c -- boron 11 at 900K (B-11)
Nuclide   6012.09c -- carbon 12 at 900K (C-12)
Nuclide   7014.09c -- nitrogen 14 at 900K (N-14)
Nuclide   7015.09c -- nitrogen 15 at 900K (N-15)
Nuclide   8016.09c -- oxygen 16 at 900K (O-16)
Nuclide   8017.09c -- oxygen 17 at 900K (O-17)
Nuclide   9019.09c -- fluorine 19 at 900K (F-19)
Nuclide  11022.09c -- sodium 22 at 900K (Na-22)
Nuclide  11023.09c -- sodium 23 at 900K (Na-23)
Nuclide  12024.09c -- magnesium 24 at 900K (Mg-24)
Nuclide  12025.09c -- magnesium 25 at 900K (Mg-25)
Nuclide  12026.09c -- magnesium 26 at 900K (Mg-26)
Nuclide  13027.09c -- aluminum 27 at 900K (Al-27)
Nuclide  14028.09c -- silicon 28 at 900K (Si-28)
Nuclide  14029.09c -- silicon 29 at 900K (Si-29)
Nuclide  14030.09c -- silicon 30 at 900K (Si-30)
Nuclide  15031.09c -- phosphorus 31 at 900K (P-31)
Nuclide  16032.09c -- sulfur 32 at 900K (S-32)
Nuclide  16033.09c -- sulfur 33 at 900K (S-33)
Nuclide  16034.09c -- sulfur 34 at 900K (S-34)
Nuclide  16036.09c -- sulfur 36 at 900K (S-36)
Nuclide  17035.09c -- chlorine 35 at 900K (Cl-35)
Nuclide  17037.09c -- chlorine 37 at 900K (Cl-37)
Nuclide  18036.09c -- argon 36 at 900K (Ar-36)
Nuclide  18038.09c -- argon 38 at 900K (Ar-38)
Nuclide  18040.09c -- argon 40 at 900K (Ar-40)
Nuclide  19039.09c -- potassium 39 at 900K (K-39)
Nuclide  19040.09c -- potassium 40 at 900K (K-40)
Nuclide  19041.09c -- potassium 41 at 900K (K-41)
Nuclide  20040.09c -- calcium 40 at 900K (Ca-40)
Nuclide  20042.09c -- calcium 42 at 900K (Ca-42)
Nuclide  20043.09c -- calcium 43 at 900K (Ca-43)
Nuclide  20044.09c -- calcium 44 at 900K (Ca-44)
Nuclide  20046.09c -- calcium 46 at 900K (Ca-46)
Nuclide  20048.09c -- calcium 48 at 900K (Ca-48)
Nuclide  21045.09c -- scandium 45 at 900K (Sc-45)
Nuclide  22046.09c -- titanium 46 at 900K (Ti-46)
Nuclide  22047.09c -- titanium 47 at 900K (Ti-47)
Nuclide  22048.09c -- titanium 48 at 900K (Ti-48)
Nuclide  22049.09c -- titanium 49 at 900K (Ti-49)
Nuclide  22050.09c -- titanium 50 at 900K (Ti-50)
Nuclide  23051.09c -- vanadium 51 at 900K (V-51)
Nuclide  24050.09c -- chromium 50 at 900K (Cr-50)
Nuclide  24052.09c -- chromium 52 at 900K (Cr-52)
Nuclide  24053.09c -- chromium 53 at 900K (Cr-53)
Nuclide  24054.09c -- chromium 54 at 900K (Cr-54)
Nuclide  25055.09c -- manganese 55 at 900K (Mn-55)
Nuclide  26054.09c -- iron 54 at 900K (Fe-54)
Nuclide  26056.09c -- iron 56 at 900K (Fe-56)
Nuclide  26057.09c -- iron 57 at 900K (Fe-57)
Nuclide  26058.09c -- iron 58 at 900K (Fe-58)
Nuclide  27058.09c -- cobalt 58 at 900K (Co-58)
Nuclide  27059.09c -- cobalt 59 at 900K (Co-59)
Nuclide  28058.09c -- nickel 58 at 900K (Ni-58)
Nuclide  28059.09c -- nickel 59 at 900K (Ni-59)
Nuclide  28060.09c -- nickel 60 at 900K (Ni-60)
Nuclide  28061.09c -- nickel 61 at 900K (Ni-61)
Nuclide  28062.09c -- nickel 62 at 900K (Ni-62)
Nuclide  28064.09c -- nickel 64 at 900K (Ni-64)
Nuclide  29063.09c -- copper 63 at 900K (Cu-63)
Nuclide  29065.09c -- copper 65 at 900K (Cu-65)
Nuclide  30064.09c -- zinc 64 at 900K (Zn-64)
Nuclide  31069.09c -- gallium 69 at 900K (Ga-69)
Nuclide  31071.09c -- gallium 71 at 900K (Ga-71)
Nuclide  32070.09c -- germanium 70 at 900K (Ge-70)
Nuclide  32072.09c -- germanium 72 at 900K (Ge-72)
Nuclide  32073.09c -- germanium 73 at 900K (Ge-73)
Nuclide  32074.09c -- germanium 74 at 900K (Ge-74)
Nuclide  32076.09c -- germanium 76 at 900K (Ge-76)
Nuclide  33074.09c -- arsenic 74 at 900K (As-74)
Nuclide  33075.09c -- arsenic 75 at 900K (As-75)
Nuclide  34074.09c -- selenium 74 at 900K (Se-74)
Nuclide  34076.09c -- selenium 76 at 900K (Se-76)
Nuclide  34077.09c -- selenium 77 at 900K (Se-77)
Nuclide  34078.09c -- selenium 78 at 900K (Se-78)
Nuclide  34079.09c -- selenium 79 at 900K (Se-79)
Nuclide  34080.09c -- selenium 80 at 900K (Se-80)
Nuclide  34082.09c -- selenium 82 at 900K (Se-82)
Nuclide  35079.09c -- bromine 79 at 900K (Br-79)
Nuclide  35081.09c -- bromine 81 at 900K (Br-81)
Nuclide  36078.09c -- krypton 78 at 900K (Kr-78)
Nuclide  36080.09c -- krypton 80 at 900K (Kr-80)
Nuclide  36082.09c -- krypton 82 at 900K (Kr-82)
Nuclide  36083.09c -- krypton 83 at 900K (Kr-83)
Nuclide  36084.09c -- krypton 84 at 900K (Kr-84)
Nuclide  36085.09c -- krypton 85 at 900K (Kr-85)
Nuclide  36086.09c -- krypton 86 at 900K (Kr-86)
Nuclide  37085.09c -- rubidium 85 at 900K (Rb-85)
Nuclide  37086.09c -- rubidium 86 at 900K (Rb-86)
Nuclide  37087.09c -- rubidium 87 at 900K (Rb-87)
Nuclide  38084.09c -- strontium 84 at 900K (Sr-84)
Nuclide  38086.09c -- strontium 86 at 900K (Sr-86)
Nuclide  38087.09c -- strontium 87 at 900K (Sr-87)
Nuclide  38088.09c -- strontium 88 at 900K (Sr-88)
Nuclide  38089.09c -- strontium 89 at 900K (Sr-89)
Nuclide  38090.09c -- strontium 90 at 900K (Sr-90)
Nuclide  39089.09c -- yttrium 89 at 900K (Y-89)
Nuclide  39090.09c -- yttrium 90 at 900K (Y-90)
Nuclide  39091.09c -- yttrium 91 at 900K (Y-91)
Nuclide  40090.09c -- zirconium 90 at 900K (Zr-90)
Nuclide  40091.09c -- zirconium 91 at 900K (Zr-91)
Nuclide  40092.09c -- zirconium 92 at 900K (Zr-92)
Nuclide  40093.09c -- zirconium 93 at 900K (Zr-93)
Nuclide  40094.09c -- zirconium 94 at 900K (Zr-94)
Nuclide  40095.09c -- zirconium 95 at 900K (Zr-95)
Nuclide  40096.09c -- zirconium 96 at 900K (Zr-96)
Nuclide  41093.09c -- niobium 93 at 900K (Nb-93)
Nuclide  41094.09c -- niobium 94 at 900K (Nb-94)
Nuclide  41095.09c -- niobium 95 at 900K (Nb-95)
Nuclide  42092.09c -- molybdenum 92 at 900K (Mo-92)
Nuclide  42094.09c -- molybdenum 94 at 900K (Mo-94)
Nuclide  42095.09c -- molybdenum 95 at 900K (Mo-95)
Nuclide  42096.09c -- molybdenum 96 at 900K (Mo-96)
Nuclide  42097.09c -- molybdenum 97 at 900K (Mo-97)
Nuclide  42098.09c -- molybdenum 98 at 900K (Mo-98)
Nuclide  42099.09c -- molybdenum 99 at 900K (Mo-99)
Nuclide  42100.09c -- molybdenum 100 at 900K (Mo-100)
Nuclide  43099.09c -- technetium 99 at 900K (Tc-99)
Nuclide  44096.09c -- ruthenium 96 at 900K (Ru-96)
Nuclide  44098.09c -- ruthenium 98 at 900K (Ru-98)
Nuclide  44099.09c -- ruthenium 99 at 900K (Ru-99)
Nuclide  44100.09c -- ruthenium 100 at 900K (Ru-100)
Nuclide  44101.09c -- ruthenium 101 at 900K (Ru-101)
Nuclide  44102.09c -- ruthenium 102 at 900K (Ru-102)
Nuclide  44103.09c -- ruthenium 103 at 900K (Ru-103)
Nuclide  44104.09c -- ruthenium 104 at 900K (Ru-104)
Nuclide  44105.09c -- ruthenium 105 at 900K (Ru-105)
Nuclide  44106.09c -- ruthenium 106 at 900K (Ru-106)
Nuclide  45103.09c -- rhodium 103 at 900K (Rh-103)
Nuclide  45105.09c -- rhodium 105 at 900K (Rh-105)
Nuclide  46102.09c -- palladium 102 at 900K (Pd-102)
Nuclide  46104.09c -- palladium 104 at 900K (Pd-104)
Nuclide  46105.09c -- palladium 105 at 900K (Pd-105)
Nuclide  46106.09c -- palladium 106 at 900K (Pd-106)
Nuclide  46107.09c -- palladium 107 at 900K (Pd-107)
Nuclide  46108.09c -- palladium 108 at 900K (Pd-108)
Nuclide  46110.09c -- palladium 110 at 900K (Pd-110)
Nuclide  47107.09c -- silver 107 at 900K (Ag-107)
Nuclide  47109.09c -- silver 109 at 900K (Ag-109)
Nuclide  47310.09c -- silver 110m at 900K (Ag-110m)
Nuclide  47111.09c -- silver 111 at 900K (Ag-111)
Nuclide  48106.09c -- cadmium 106 at 900K (Cd-106)
Nuclide  48108.09c -- cadmium 108 at 900K (Cd-108)
Nuclide  48110.09c -- cadmium 110 at 900K (Cd-110)
Nuclide  48111.09c -- cadmium 111 at 900K (Cd-111)
Nuclide  48112.09c -- cadmium 112 at 900K (Cd-112)
Nuclide  48113.09c -- cadmium 113 at 900K (Cd-113)
Nuclide  48114.09c -- cadmium 114 at 900K (Cd-114)
Nuclide  48315.09c -- cadmium 115m at 900K (Cd-115m)
Nuclide  48116.09c -- cadmium 116 at 900K (Cd-116)
Nuclide  49113.09c -- indium 113 at 900K (In-113)
Nuclide  49115.09c -- indium 115 at 900K (In-115)
Nuclide  50112.09c -- tin 112 at 900K (Sn-112)
Nuclide  50113.09c -- tin 113 at 900K (Sn-113)
Nuclide  50114.09c -- tin 114 at 900K (Sn-114)
Nuclide  50115.09c -- tin 115 at 900K (Sn-115)
Nuclide  50116.09c -- tin 116 at 900K (Sn-116)
Nuclide  50117.09c -- tin 117 at 900K (Sn-117)
Nuclide  50118.09c -- tin 118 at 900K (Sn-118)
Nuclide  50119.09c -- tin 119 at 900K (Sn-119)
Nuclide  50120.09c -- tin 120 at 900K (Sn-120)
Nuclide  50122.09c -- tin 122 at 900K (Sn-122)
Nuclide  50123.09c -- tin 123 at 900K (Sn-123)
Nuclide  50124.09c -- tin 124 at 900K (Sn-124)
Nuclide  50125.09c -- tin 125 at 900K (Sn-125)
Nuclide  50126.09c -- tin 126 at 900K (Sn-126)
Nuclide  51121.09c -- antimony 121 at 900K (Sb-121)
Nuclide  51123.09c -- antimony 123 at 900K (Sb-123)
Nuclide  51124.09c -- antimony 124 at 900K (Sb-124)
Nuclide  51125.09c -- antimony 125 at 900K (Sb-125)
Nuclide  51126.09c -- antimony 126 at 900K (Sb-126)
Nuclide  52120.09c -- tellurium 120 at 900K (Te-120)
Nuclide  52122.09c -- tellurium 122 at 900K (Te-122)
Nuclide  52123.09c -- tellurium 123 at 900K (Te-123)
Nuclide  52124.09c -- tellurium 124 at 900K (Te-124)
Nuclide  52125.09c -- tellurium 125 at 900K (Te-125)
Nuclide  52126.09c -- tellurium 126 at 900K (Te-126)
Nuclide  52327.09c -- tellurium 127m at 900K (Te-127m)
Nuclide  52128.09c -- tellurium 128 at 900K (Te-128)
Nuclide  52329.09c -- tellurium 129m at 900K (Te-129m)
Nuclide  52130.09c -- tellurium 130 at 900K (Te-130)
Nuclide  52132.09c -- tellurium 132 at 900K (Te-132)
Nuclide  53127.09c -- iodine 127 at 900K (I-127)
Nuclide  53129.09c -- iodine 129 at 900K (I-129)
Nuclide  53130.09c -- iodine 130 at 900K (I-130)
Nuclide  53131.09c -- iodine 131 at 900K (I-131)
Nuclide  53135.09c -- iodine 135 at 900K (I-135)
Nuclide  54123.09c -- xenon 123 at 900K (Xe-123)
Nuclide  54124.09c -- xenon 124 at 900K (Xe-124)
Nuclide  54126.09c -- xenon 126 at 900K (Xe-126)
Nuclide  54128.09c -- xenon 128 at 900K (Xe-128)
Nuclide  54129.09c -- xenon 129 at 900K (Xe-129)
Nuclide  54130.09c -- xenon 130 at 900K (Xe-130)
Nuclide  54131.09c -- xenon 131 at 900K (Xe-131)
Nuclide  54132.09c -- xenon 132 at 900K (Xe-132)
Nuclide  54133.09c -- xenon 133 at 900K (Xe-133)
Nuclide  54134.09c -- xenon 134 at 900K (Xe-134)
Nuclide  54135.09c -- xenon 135 at 900K (Xe-135)
Nuclide  54136.09c -- xenon 136 at 900K (Xe-136)
Nuclide  55133.09c -- cesium 133 at 900K (Cs-133)
Nuclide  55134.09c -- cesium 134 at 900K (Cs-134)
Nuclide  55135.09c -- cesium 135 at 900K (Cs-135)
Nuclide  55136.09c -- cesium 136 at 900K (Cs-136)
Nuclide  55137.09c -- cesium 137 at 900K (Cs-137)
Nuclide  56130.09c -- barium 130 at 900K (Ba-130)
Nuclide  56132.09c -- barium 132 at 900K (Ba-132)
Nuclide  56133.09c -- barium 133 at 900K (Ba-133)
Nuclide  56134.09c -- barium 134 at 900K (Ba-134)
Nuclide  56135.09c -- barium 135 at 900K (Ba-135)
Nuclide  56136.09c -- barium 136 at 900K (Ba-136)
Nuclide  56137.09c -- barium 137 at 900K (Ba-137)
Nuclide  56138.09c -- barium 138 at 900K (Ba-138)
Nuclide  56140.09c -- barium 140 at 900K (Ba-140)
Nuclide  57138.09c -- lanthanum 138 at 900K (La-138)
Nuclide  57139.09c -- lanthanum 139 at 900K (La-139)
Nuclide  57140.09c -- lanthanum 140 at 900K (La-140)
Nuclide  58136.09c -- cerium 136 at 900K (Ce-136)
Nuclide  58138.09c -- cerium 138 at 900K (Ce-138)
Nuclide  58139.09c -- cerium 139 at 900K (Ce-139)
Nuclide  58140.09c -- cerium 140 at 900K (Ce-140)
Nuclide  58141.09c -- cerium 141 at 900K (Ce-141)
Nuclide  58142.09c -- cerium 142 at 900K (Ce-142)
Nuclide  58143.09c -- cerium 143 at 900K (Ce-143)
Nuclide  58144.09c -- cerium 144 at 900K (Ce-144)
Nuclide  59141.09c -- praseodymium 141 at 900K (Pr-141)
Nuclide  59142.09c -- praseodymium 142 at 900K (Pr-142)
Nuclide  59143.09c -- praseodymium 143 at 900K (Pr-143)
Nuclide  60142.09c -- neodymium 142 at 900K (Nd-142)
Nuclide  60143.09c -- neodymium 143 at 900K (Nd-143)
Nuclide  60144.09c -- neodymium 144 at 900K (Nd-144)
Nuclide  60145.09c -- neodymium 145 at 900K (Nd-145)
Nuclide  60146.09c -- neodymium 146 at 900K (Nd-146)
Nuclide  60147.09c -- neodymium 147 at 900K (Nd-147)
Nuclide  60148.09c -- neodymium 148 at 900K (Nd-148)
Nuclide  60150.09c -- neodymium 150 at 900K (Nd-150)
Nuclide  61147.09c -- promethium 147 at 900K (Pm-147)
Nuclide  61148.09c -- promethium 148 at 900K (Pm-148)
Nuclide  61149.09c -- promethium 149 at 900K (Pm-149)
Nuclide  61151.09c -- promethium 151 at 900K (Pm-151)
Nuclide  62144.09c -- samarium 144 at 900K (Sm-144)
Nuclide  62147.09c -- samarium 147 at 900K (Sm-147)
Nuclide  62148.09c -- samarium 148 at 900K (Sm-148)
Nuclide  62149.09c -- samarium 149 at 900K (Sm-149)
Nuclide  62150.09c -- samarium 150 at 900K (Sm-150)
Nuclide  62151.09c -- samarium 151 at 900K (Sm-151)
Nuclide  62152.09c -- samarium 152 at 900K (Sm-152)
Nuclide  62153.09c -- samarium 153 at 900K (Sm-153)
Nuclide  62154.09c -- samarium 154 at 900K (Sm-154)
Nuclide  63151.09c -- europium 151 at 900K (Eu-151)
Nuclide  63152.09c -- europium 152 at 900K (Eu-152)
Nuclide  63153.09c -- europium 153 at 900K (Eu-153)
Nuclide  63154.09c -- europium 154 at 900K (Eu-154)
Nuclide  63155.09c -- europium 155 at 900K (Eu-155)
Nuclide  63156.09c -- europium 156 at 900K (Eu-156)
Nuclide  63157.09c -- europium 157 at 900K (Eu-157)
Nuclide  64152.09c -- gadolinium 152 at 900K (Gd-152)
Nuclide  64153.09c -- gadolinium 153 at 900K (Gd-153)
Nuclide  64154.09c -- gadolinium 154 at 900K (Gd-154)
Nuclide  64155.09c -- gadolinium 155 at 900K (Gd-155)
Nuclide  64156.09c -- gadolinium 156 at 900K (Gd-156)
Nuclide  64157.09c -- gadolinium 157 at 900K (Gd-157)
Nuclide  64158.09c -- gadolinium 158 at 900K (Gd-158)
Nuclide  64160.09c -- gadolinium 160 at 900K (Gd-160)
Nuclide  65159.09c -- terbium 159 at 900K (Tb-159)
Nuclide  65160.09c -- terbium 160 at 900K (Tb-160)
Nuclide  66156.09c -- dysprosium 156 at 900K (Dy-156)
Nuclide  66158.09c -- dysprosium 158 at 900K (Dy-158)
Nuclide  66160.09c -- dysprosium 160 at 900K (Dy-160)
Nuclide  66161.09c -- dysprosium 161 at 900K (Dy-161)
Nuclide  66162.09c -- dysprosium 162 at 900K (Dy-162)
Nuclide  66163.09c -- dysprosium 163 at 900K (Dy-163)
Nuclide  66164.09c -- dysprosium 164 at 900K (Dy-164)
Nuclide  67165.09c -- holmium 165 at 900K (Ho-165)
Nuclide  67366.09c -- holmium 166m at 900K (Ho-166m)
Nuclide  68162.09c -- erbium 162 at 900K (Er-162)
Nuclide  68164.09c -- erbium 164 at 900K (Er-164)
Nuclide  68166.09c -- erbium 166 at 900K (Er-166)
Nuclide  68167.09c -- erbium 167 at 900K (Er-167)
Nuclide  68168.09c -- erbium 168 at 900K (Er-168)
Nuclide  68170.09c -- erbium 170 at 900K (Er-170)
Nuclide  71175.09c -- lutetium 175 at 900K (Lu-175)
Nuclide  71176.09c -- lutetium 176 at 900K (Lu-176)
Nuclide  72174.09c -- hafnium 174 at 900K (Hf-174)
Nuclide  72176.09c -- hafnium 176 at 900K (Hf-176)
Nuclide  72177.09c -- hafnium 177 at 900K (Hf-177)
Nuclide  72178.09c -- hafnium 178 at 900K (Hf-178)
Nuclide  72179.09c -- hafnium 179 at 900K (Hf-179)
Nuclide  72180.09c -- hafnium 180 at 900K (Hf-180)
Nuclide  73181.09c -- tantalum 181 at 900K (Ta-181)
Nuclide  73182.09c -- tantalum 182 at 900K (Ta-182)
Nuclide  74182.09c -- tungsten 182 at 900K (W-182)
Nuclide  74183.09c -- tungsten 183 at 900K (W-183)
Nuclide  74184.09c -- tungsten 184 at 900K (W-184)
Nuclide  74186.09c -- tungsten 186 at 900K (W-186)
Nuclide  75185.09c -- rhenium 185 at 900K (Re-185)
Nuclide  75187.09c -- rhenium 187 at 900K (Re-187)
Nuclide  77191.09c -- iridium 191 at 900K (Ir-191)
Nuclide  77193.09c -- iridium 193 at 900K (Ir-193)
Nuclide  79197.09c -- gold 197 at 900K (Au-197)
Nuclide  80196.09c -- mercury 196 at 900K (Hg-196)
Nuclide  80198.09c -- mercury 198 at 900K (Hg-198)
Nuclide  80199.09c -- mercury 199 at 900K (Hg-199)
Nuclide  80200.09c -- mercury 200 at 900K (Hg-200)
Nuclide  80201.09c -- mercury 201 at 900K (Hg-201)
Nuclide  80202.09c -- mercury 202 at 900K (Hg-202)
Nuclide  80204.09c -- mercury 204 at 900K (Hg-204)
Nuclide  82204.09c -- lead 204 at 900K (Pb-204)
Nuclide  82206.09c -- lead 206 at 900K (Pb-206)
Nuclide  82207.09c -- lead 207 at 900K (Pb-207)
Nuclide  82208.09c -- lead 208 at 900K (Pb-208)
Nuclide  83209.09c -- bismuth 209 at 900K (Bi-209)
Nuclide  88223.09c -- radium 223 at 900K (Ra-223)
Nuclide  88224.09c -- radium 224 at 900K (Ra-224)
Nuclide  88225.09c -- radium 225 at 900K (Ra-225)
Nuclide  88226.09c -- radium 226 at 900K (Ra-226)
Nuclide  89225.09c -- actinium 225 at 900K (Ac-225)
Nuclide  89226.09c -- actinium 226 at 900K (Ac-226)
Nuclide  89227.09c -- actinium 227 at 900K (Ac-227)
Nuclide  90227.09c -- thorium 227 at 900K (Th-227)
Nuclide  90228.09c -- thorium 228 at 900K (Th-228)
Nuclide  90229.09c -- thorium 229 at 900K (Th-229)
Nuclide  90230.09c -- thorium 230 at 900K (Th-230)
Nuclide  90232.09c -- thorium 232 at 900K (Th-232)
Nuclide  90233.09c -- thorium 233 at 900K (Th-233)
Nuclide  90234.09c -- thorium 234 at 900K (Th-234)
Nuclide  91231.09c -- protactinium 231 at 900K (Pa-231)
Nuclide  91232.09c -- protactinium 232 at 900K (Pa-232)
Nuclide  91233.09c -- protactinium 233 at 900K (Pa-233)
Nuclide  92232.09c -- uranium 232 at 900K (U-232)
Nuclide  92233.09c -- uranium 233 at 900K (U-233)
Nuclide  92234.09c -- uranium 234 at 900K (U-234)
Nuclide  92235.09c -- uranium 235 at 900K (U-235)
Nuclide  92236.09c -- uranium 236 at 900K (U-236)
Nuclide  92237.09c -- uranium 237 at 900K (U-237)
Nuclide  92238.09c -- uranium 238 at 900K (U-238)
Nuclide  92239.09c -- uranium 239 at 900K (U-239)
Nuclide  92240.09c -- uranium 240 at 900K (U-240)
Nuclide  92241.09c -- uranium 241 at 900K (U-241)
Nuclide  93235.09c -- neptunium 235 at 900K (Np-235)
Nuclide  93236.09c -- neptunium 236 at 900K (Np-236)
Nuclide  93237.09c -- neptunium 237 at 900K (Np-237)
Nuclide  93238.09c -- neptunium 238 at 900K (Np-238)
Nuclide  93239.09c -- neptunium 239 at 900K (Np-239)
Nuclide  94236.09c -- plutonium 236 at 900K (Pu-236)
Nuclide  94237.09c -- plutonium 237 at 900K (Pu-237)
Nuclide  94238.09c -- plutonium 238 at 900K (Pu-238)
Nuclide  94239.09c -- plutonium 239 at 900K (Pu-239)
Nuclide  94240.09c -- plutonium 240 at 900K (Pu-240)
Nuclide  94241.09c -- plutonium 241 at 900K (Pu-241)
Nuclide  94242.09c -- plutonium 242 at 900K (Pu-242)
Nuclide  94243.09c -- plutonium 243 at 900K (Pu-243)
Nuclide  94244.09c -- plutonium 244 at 900K (Pu-244)
Nuclide  94246.09c -- plutonium 246 at 900K (Pu-246)
Nuclide  95241.09c -- americium 241 at 900K (Am-241)
Nuclide  95242.09c -- americium 242 at 900K (Am-242)
Nuclide  95342.09c -- americium 242m at 900K (Am-242m)
Nuclide  95243.09c -- americium 243 at 900K (Am-243)
Nuclide  95244.09c -- americium 244 at 900K (Am-244)
Nuclide  96240.09c -- curium 240 at 900K (Cm-240)
Nuclide  96241.09c -- curium 241 at 900K (Cm-241)
Nuclide  96242.09c -- curium 242 at 900K (Cm-242)
Nuclide  96243.09c -- curium 243 at 900K (Cm-243)
Nuclide  96244.09c -- curium 244 at 900K (Cm-244)
Nuclide  96245.09c -- curium 245 at 900K (Cm-245)
Nuclide  96246.09c -- curium 246 at 900K (Cm-246)
Nuclide  96247.09c -- curium 247 at 900K (Cm-247)
Nuclide  96248.09c -- curium 248 at 900K (Cm-248)
Nuclide  96249.09c -- curium 249 at 900K (Cm-249)
Nuclide  96250.09c -- curium 250 at 900K (Cm-250)
Nuclide  97247.09c -- berkelium 247 at 900K (Bk-247)
Nuclide  97249.09c -- berkelium 249 at 900K (Bk-249)
Nuclide  97250.09c -- berkelium 250 at 900K (Bk-250)
Nuclide  98249.09c -- californium 249 at 900K (Cf-249)
Nuclide  98250.09c -- californium 250 at 900K (Cf-250)
Nuclide  98251.09c -- californium 251 at 900K (Cf-251)
Nuclide  98252.09c -- californium 252 at 900K (Cf-252)
Nuclide  98253.09c -- californium 253 at 900K (Cf-253)
Nuclide  98254.09c -- californium 254 at 900K (Cf-254)
Nuclide  99253.09c -- einsteinium 253 at 900K (Es-253)
Nuclide  99254.09c -- einsteinium 254 at 900K (Es-254)
Nuclide  99255.09c -- einsteinium 255 at 900K (Es-255)

Adding nuclides in material pbo...

Nuclide  82000.03c -- natural lead at 300K (Pb-nat)
Nuclide   8016.03c -- oxygen 16 at 300K (O-16)

Adding nuclides in material hast...

Nuclide  28000.09c -- natural nickel at 900K (Ni-nat)
Nuclide  74000.09c -- natural tungsten at 900K (W-nat)
Nuclide  24000.09c -- natural chromium at 900K (Cr-nat)

Checking data and printing output...

***** Tue Oct  8 18:53:30 2019 (seed = 1570553561)
Warning message from function CheckNuclideData:

Stable nuclide 20046.09c has 1 decay modes


***** Tue Oct  8 18:53:30 2019 (seed = 1570553561)
Warning message from function CheckNuclideData:

Stable nuclide 40096.09c has 1 decay modes


***** Tue Oct  8 18:53:30 2019 (seed = 1570553561)
Warning message from function CheckNuclideData:

Stable nuclide 48114.09c has 1 decay modes


***** Tue Oct  8 18:53:30 2019 (seed = 1570553561)
Warning message from function CheckNuclideData:

Stable nuclide 52123.09c has 1 decay modes


***** Tue Oct  8 18:53:30 2019 (seed = 1570553561)
Warning message from function CheckNuclideData:

Stable nuclide 52130.09c has 1 decay modes


***** Tue Oct  8 18:53:30 2019 (seed = 1570553561)
Warning message from function CheckNuclideData:

Stable nuclide 54134.09c has 1 decay modes


***** Tue Oct  8 18:53:30 2019 (seed = 1570553561)
Warning message from function CheckNuclideData:

Stable nuclide 54136.09c has 1 decay modes


***** Tue Oct  8 18:53:30 2019 (seed = 1570553561)
Warning message from function CheckNuclideData:

Stable nuclide 58142.09c has 1 decay modes


***** Tue Oct  8 18:53:30 2019 (seed = 1570553561)
Warning message from function CheckNuclideData:

Stable nuclide 64160.09c has 1 decay modes


***** Tue Oct  8 18:53:30 2019 (seed = 1570553561)
Warning message from function CheckNuclideData:

Stable nuclide 74182.09c has 1 decay modes


***** Tue Oct  8 18:53:30 2019 (seed = 1570553561)
Warning message from function CheckNuclideData:

Stable nuclide 74183.09c has 1 decay modes


***** Tue Oct  8 18:53:30 2019 (seed = 1570553561)
Warning message from function CheckNuclideData:

Stable nuclide 74184.09c has 1 decay modes


***** Tue Oct  8 18:53:30 2019 (seed = 1570553561)
Warning message from function CheckNuclideData:

Stable nuclide 74186.09c has 1 decay modes

OK.


***** Tue Oct  8 18:53:30 2019 (seed = 1570553561)
Warning message from function ProcessNuclides:

Minimum photon cross section energy 1.000000E+37 MeV is
above the energy grid minimum 1.000000E-03 MeV.
The energy grid minimum is set to 1.000000E+37 MeV.
Possible changes in energy cutoff cards (warned if any).


***** Tue Oct  8 18:53:30 2019 (seed = 1570553561)
Warning message from function ProcessNuclides:

Photon energy cutoff 1.000000E-03 MeV is changed to 1.000000E+37.


Generating unionize energy grids...

Adding points:

  1001.09c -- Points added in neutron grid: 252
  1002.09c -- Points added in neutron grid: 115
  1003.09c -- Points added in neutron grid: 58
  2003.09c -- Points added in neutron grid: 32
  2004.09c -- Points added in neutron grid: 129
  3006.09c -- Points added in neutron grid: 181
  3007.09c -- Points added in neutron grid: 72
  4007.09c -- Points added in neutron grid: 152
  4009.09c -- Points added in neutron grid: 75
  5010.09c -- Points added in neutron grid: 127
  5011.09c -- Points added in neutron grid: 2555
  6012.09c -- Points added in neutron grid: 723
  7014.09c -- Points added in neutron grid: 1043
  7015.09c -- Points added in neutron grid: 208
  8016.09c -- Points added in neutron grid: 1429
  8016.03c -- Points added in neutron grid: 0
  8017.09c -- Points added in neutron grid: 22
  9019.09c -- Points added in neutron grid: 1029
 11022.09c -- Points added in neutron grid: 272
 11023.09c -- Points added in neutron grid: 1589
 12024.09c -- Points added in neutron grid: 1580
 12025.09c -- Points added in neutron grid: 358
 12026.09c -- Points added in neutron grid: 201
 13027.09c -- Points added in neutron grid: 1847
 14028.09c -- Points added in neutron grid: 4111
 14029.09c -- Points added in neutron grid: 896
 14030.09c -- Points added in neutron grid: 1330
 15031.09c -- Points added in neutron grid: 146
 16032.09c -- Points added in neutron grid: 3262
 16033.09c -- Points added in neutron grid: 453
 16034.09c -- Points added in neutron grid: 378
 16036.09c -- Points added in neutron grid: 27
 17035.09c -- Points added in neutron grid: 21245
 17037.09c -- Points added in neutron grid: 4410
 18036.09c -- Points added in neutron grid: 246
 18038.09c -- Points added in neutron grid: 288
 18040.09c -- Points added in neutron grid: 9174
 19039.09c -- Points added in neutron grid: 1875
 19040.09c -- Points added in neutron grid: 26
 19041.09c -- Points added in neutron grid: 1552
 20040.09c -- Points added in neutron grid: 3566
 20042.09c -- Points added in neutron grid: 2307
 20043.09c -- Points added in neutron grid: 1724
 20044.09c -- Points added in neutron grid: 1583
 20046.09c -- Points added in neutron grid: 217
 20048.09c -- Points added in neutron grid: 311
 21045.09c -- Points added in neutron grid: 8858
 22046.09c -- Points added in neutron grid: 3856
 22047.09c -- Points added in neutron grid: 2119
 22048.09c -- Points added in neutron grid: 2556
 22049.09c -- Points added in neutron grid: 1444
 22050.09c -- Points added in neutron grid: 1267
 23051.09c -- Points added in neutron grid: 2372
 24000.09c -- Points added in neutron grid: 5061
 24050.09c -- Points added in neutron grid: 11251
 24052.09c -- Points added in neutron grid: 8611
 24053.09c -- Points added in neutron grid: 6421
 24054.09c -- Points added in neutron grid: 4904
 25055.09c -- Points added in neutron grid: 4375
 26054.09c -- Points added in neutron grid: 7678
 26056.09c -- Points added in neutron grid: 10300
 26057.09c -- Points added in neutron grid: 6876
 26058.09c -- Points added in neutron grid: 2784
 27058.09c -- Points added in neutron grid: 408
 27059.09c -- Points added in neutron grid: 10282
 28000.09c -- Points added in neutron grid: 18718
 28058.09c -- Points added in neutron grid: 19660
 28059.09c -- Points added in neutron grid: 692
 28060.09c -- Points added in neutron grid: 9061
 28061.09c -- Points added in neutron grid: 3927
 28062.09c -- Points added in neutron grid: 2275
 28064.09c -- Points added in neutron grid: 1643
 29063.09c -- Points added in neutron grid: 10579
 29065.09c -- Points added in neutron grid: 7683
 30064.09c -- Points added in neutron grid: 8433
 31069.09c -- Points added in neutron grid: 2342
 31071.09c -- Points added in neutron grid: 2200
 32070.09c -- Points added in neutron grid: 1679
 32072.09c -- Points added in neutron grid: 1553
 32073.09c -- Points added in neutron grid: 4630
 32074.09c -- Points added in neutron grid: 525
 32076.09c -- Points added in neutron grid: 885
 33074.09c -- Points added in neutron grid: 360
 33075.09c -- Points added in neutron grid: 8768
 34074.09c -- Points added in neutron grid: 1588
 34076.09c -- Points added in neutron grid: 2431
 34077.09c -- Points added in neutron grid: 3023
 34078.09c -- Points added in neutron grid: 1779
 34079.09c -- Points added in neutron grid: 530
 34080.09c -- Points added in neutron grid: 1448
 34082.09c -- Points added in neutron grid: 1000
 35079.09c -- Points added in neutron grid: 8875
 35081.09c -- Points added in neutron grid: 9428
 36078.09c -- Points added in neutron grid: 845
 36080.09c -- Points added in neutron grid: 1018
 36082.09c -- Points added in neutron grid: 519
 36083.09c -- Points added in neutron grid: 307
 36084.09c -- Points added in neutron grid: 3432
 36085.09c -- Points added in neutron grid: 821
 36086.09c -- Points added in neutron grid: 4360
 37085.09c -- Points added in neutron grid: 6941
 37086.09c -- Points added in neutron grid: 3672
 37087.09c -- Points added in neutron grid: 1248
 38084.09c -- Points added in neutron grid: 1253
 38086.09c -- Points added in neutron grid: 2356
 38087.09c -- Points added in neutron grid: 5937
 38088.09c -- Points added in neutron grid: 2971
 38089.09c -- Points added in neutron grid: 45
 38090.09c -- Points added in neutron grid: 393
 39089.09c -- Points added in neutron grid: 4144
 39090.09c -- Points added in neutron grid: 2735
 39091.09c -- Points added in neutron grid: 473
 40090.09c -- Points added in neutron grid: 1523
 40091.09c -- Points added in neutron grid: 5111
 40092.09c -- Points added in neutron grid: 4345
 40093.09c -- Points added in neutron grid: 3736
 40094.09c -- Points added in neutron grid: 3838
 40095.09c -- Points added in neutron grid: 320
 40096.09c -- Points added in neutron grid: 2164
 41093.09c -- Points added in neutron grid: 8906
 41094.09c -- Points added in neutron grid: 636
 41095.09c -- Points added in neutron grid: 456
 42092.09c -- Points added in neutron grid: 4920
 42094.09c -- Points added in neutron grid: 3550
 42095.09c -- Points added in neutron grid: 4063
 42096.09c -- Points added in neutron grid: 4434
 42097.09c -- Points added in neutron grid: 4412
 42098.09c -- Points added in neutron grid: 6699
 42099.09c -- Points added in neutron grid: 373
 42100.09c -- Points added in neutron grid: 6619
 43099.09c -- Points added in neutron grid: 16605
 44096.09c -- Points added in neutron grid: 416
 44098.09c -- Points added in neutron grid: 580
 44099.09c -- Points added in neutron grid: 3233
 44100.09c -- Points added in neutron grid: 4877
 44101.09c -- Points added in neutron grid: 3213
 44102.09c -- Points added in neutron grid: 7166
 44103.09c -- Points added in neutron grid: 811
 44104.09c -- Points added in neutron grid: 6315
 44105.09c -- Points added in neutron grid: 55
 44106.09c -- Points added in neutron grid: 267
 45103.09c -- Points added in neutron grid: 10838
 45105.09c -- Points added in neutron grid: 105
 46102.09c -- Points added in neutron grid: 557
 46104.09c -- Points added in neutron grid: 6088
 46105.09c -- Points added in neutron grid: 8878
 46106.09c -- Points added in neutron grid: 4865
 46107.09c -- Points added in neutron grid: 4244
 46108.09c -- Points added in neutron grid: 4841
 46110.09c -- Points added in neutron grid: 4448
 47107.09c -- Points added in neutron grid: 3458
 47109.09c -- Points added in neutron grid: 12660
 47310.09c -- Points added in neutron grid: 1229
 47111.09c -- Points added in neutron grid: 4054
 48106.09c -- Points added in neutron grid: 3837
 48108.09c -- Points added in neutron grid: 3471
 48110.09c -- Points added in neutron grid: 5187
 48111.09c -- Points added in neutron grid: 7607
 48112.09c -- Points added in neutron grid: 6555
 48113.09c -- Points added in neutron grid: 16222
 48114.09c -- Points added in neutron grid: 5004
 48315.09c -- Points added in neutron grid: 1571
 48116.09c -- Points added in neutron grid: 3144
 49113.09c -- Points added in neutron grid: 3448
 49115.09c -- Points added in neutron grid: 9483
 50112.09c -- Points added in neutron grid: 1597
 50113.09c -- Points added in neutron grid: 2560
 50114.09c -- Points added in neutron grid: 1454
 50115.09c -- Points added in neutron grid: 823
 50116.09c -- Points added in neutron grid: 9448
 50117.09c -- Points added in neutron grid: 3858
 50118.09c -- Points added in neutron grid: 1027
 50119.09c -- Points added in neutron grid: 1980
 50120.09c -- Points added in neutron grid: 7909
 50122.09c -- Points added in neutron grid: 13604
 50123.09c -- Points added in neutron grid: 316
 50124.09c -- Points added in neutron grid: 7626
 50125.09c -- Points added in neutron grid: 1009
 50126.09c -- Points added in neutron grid: 262
 51121.09c -- Points added in neutron grid: 10931
 51123.09c -- Points added in neutron grid: 10215
 51124.09c -- Points added in neutron grid: 191
 51125.09c -- Points added in neutron grid: 349
 51126.09c -- Points added in neutron grid: 4930
 52120.09c -- Points added in neutron grid: 356
 52122.09c -- Points added in neutron grid: 11717
 52123.09c -- Points added in neutron grid: 4196
 52124.09c -- Points added in neutron grid: 7907
 52125.09c -- Points added in neutron grid: 11248
 52126.09c -- Points added in neutron grid: 3399
 52327.09c -- Points added in neutron grid: 616
 52128.09c -- Points added in neutron grid: 2690
 52329.09c -- Points added in neutron grid: 255
 52130.09c -- Points added in neutron grid: 1506
 52132.09c -- Points added in neutron grid: 1573
 53127.09c -- Points added in neutron grid: 19125
 53129.09c -- Points added in neutron grid: 6655
 53130.09c -- Points added in neutron grid: 4773
 53131.09c -- Points added in neutron grid: 314
 53135.09c -- Points added in neutron grid: 31
 54123.09c -- Points added in neutron grid: 31
 54124.09c -- Points added in neutron grid: 478
 54126.09c -- Points added in neutron grid: 747
 54128.09c -- Points added in neutron grid: 1691
 54129.09c -- Points added in neutron grid: 5454
 54130.09c -- Points added in neutron grid: 1791
 54131.09c -- Points added in neutron grid: 3939
 54132.09c -- Points added in neutron grid: 703
 54133.09c -- Points added in neutron grid: 253
 54134.09c -- Points added in neutron grid: 511
 54135.09c -- Points added in neutron grid: 346
 54136.09c -- Points added in neutron grid: 1283
 55133.09c -- Points added in neutron grid: 9197
 55134.09c -- Points added in neutron grid: 976
 55135.09c -- Points added in neutron grid: 799
 55136.09c -- Points added in neutron grid: 319
 55137.09c -- Points added in neutron grid: 293
 56130.09c -- Points added in neutron grid: 4074
 56132.09c -- Points added in neutron grid: 446
 56133.09c -- Points added in neutron grid: 682
 56134.09c -- Points added in neutron grid: 5178
 56135.09c -- Points added in neutron grid: 6759
 56136.09c -- Points added in neutron grid: 5313
 56137.09c -- Points added in neutron grid: 4093
 56138.09c -- Points added in neutron grid: 1869
 56140.09c -- Points added in neutron grid: 929
 57138.09c -- Points added in neutron grid: 1191
 57139.09c -- Points added in neutron grid: 6684
 57140.09c -- Points added in neutron grid: 1914
 58136.09c -- Points added in neutron grid: 1072
 58138.09c -- Points added in neutron grid: 1038
 58139.09c -- Points added in neutron grid: 1114
 58140.09c -- Points added in neutron grid: 7809
 58141.09c -- Points added in neutron grid: 666
 58142.09c -- Points added in neutron grid: 2095
 58143.09c -- Points added in neutron grid: 1474
 58144.09c -- Points added in neutron grid: 235
 59141.09c -- Points added in neutron grid: 8168
 59142.09c -- Points added in neutron grid: 2365
 59143.09c -- Points added in neutron grid: 559
 60142.09c -- Points added in neutron grid: 4106
 60143.09c -- Points added in neutron grid: 7981
 60144.09c -- Points added in neutron grid: 3137
 60145.09c -- Points added in neutron grid: 10453
 60146.09c -- Points added in neutron grid: 3350
 60147.09c -- Points added in neutron grid: 1022
 60148.09c -- Points added in neutron grid: 6236
 60150.09c -- Points added in neutron grid: 5711
 61147.09c -- Points added in neutron grid: 1653
 61148.09c -- Points added in neutron grid: 294
 61149.09c -- Points added in neutron grid: 314
 61151.09c -- Points added in neutron grid: 2400
 62144.09c -- Points added in neutron grid: 3487
 62147.09c -- Points added in neutron grid: 10483
 62148.09c -- Points added in neutron grid: 1280
 62149.09c -- Points added in neutron grid: 6809
 62150.09c -- Points added in neutron grid: 2477
 62151.09c -- Points added in neutron grid: 4426
 62152.09c -- Points added in neutron grid: 6876
 62153.09c -- Points added in neutron grid: 791
 62154.09c -- Points added in neutron grid: 3385
 63151.09c -- Points added in neutron grid: 2650
 63152.09c -- Points added in neutron grid: 1463
 63153.09c -- Points added in neutron grid: 2920
 63154.09c -- Points added in neutron grid: 799
 63155.09c -- Points added in neutron grid: 476
 63156.09c -- Points added in neutron grid: 262
 63157.09c -- Points added in neutron grid: 1407
 64152.09c -- Points added in neutron grid: 9009
 64153.09c -- Points added in neutron grid: 1032
 64154.09c -- Points added in neutron grid: 10070
 64155.09c -- Points added in neutron grid: 3148
 64156.09c -- Points added in neutron grid: 5632
 64157.09c -- Points added in neutron grid: 3299
 64158.09c -- Points added in neutron grid: 6908
 64160.09c -- Points added in neutron grid: 4325
 65159.09c -- Points added in neutron grid: 9524
 65160.09c -- Points added in neutron grid: 269
 66156.09c -- Points added in neutron grid: 1246
 66158.09c -- Points added in neutron grid: 428
 66160.09c -- Points added in neutron grid: 5295
 66161.09c -- Points added in neutron grid: 9009
 66162.09c -- Points added in neutron grid: 6062
 66163.09c -- Points added in neutron grid: 6381
 66164.09c -- Points added in neutron grid: 5030
 67165.09c -- Points added in neutron grid: 9340
 67366.09c -- Points added in neutron grid: 353
 68162.09c -- Points added in neutron grid: 1597
 68164.09c -- Points added in neutron grid: 1940
 68166.09c -- Points added in neutron grid: 8307
 68167.09c -- Points added in neutron grid: 11242
 68168.09c -- Points added in neutron grid: 8439
 68170.09c -- Points added in neutron grid: 4201
 71175.09c -- Points added in neutron grid: 4924
 71176.09c -- Points added in neutron grid: 2273
 72174.09c -- Points added in neutron grid: 1132
 72176.09c -- Points added in neutron grid: 2424
 72177.09c -- Points added in neutron grid: 7642
 72178.09c -- Points added in neutron grid: 2544
 72179.09c -- Points added in neutron grid: 3798
 72180.09c -- Points added in neutron grid: 7435
 73181.09c -- Points added in neutron grid: 3797
 73182.09c -- Points added in neutron grid: 620
 74000.09c -- Points added in neutron grid: 9204
 74182.09c -- Points added in neutron grid: 5189
 74183.09c -- Points added in neutron grid: 3211
 74184.09c -- Points added in neutron grid: 3018
 74186.09c -- Points added in neutron grid: 3310
 75185.09c -- Points added in neutron grid: 14964
 75187.09c -- Points added in neutron grid: 13786
 77191.09c -- Points added in neutron grid: 2305
 77193.09c -- Points added in neutron grid: 2583
 79197.09c -- Points added in neutron grid: 12559
 80196.09c -- Points added in neutron grid: 260
 80198.09c -- Points added in neutron grid: 698
 80199.09c -- Points added in neutron grid: 959
 80200.09c -- Points added in neutron grid: 653
 80201.09c -- Points added in neutron grid: 835
 80202.09c -- Points added in neutron grid: 356
 80204.09c -- Points added in neutron grid: 126
 82000.03c -- Points added in neutron grid: 8868
 82204.09c -- Points added in neutron grid: 3634
 82206.09c -- Points added in neutron grid: 11685
 82207.09c -- Points added in neutron grid: 3809
 82208.09c -- Points added in neutron grid: 2418
 83209.09c -- Points added in neutron grid: 4579
 88223.09c -- Points added in neutron grid: 91
 88224.09c -- Points added in neutron grid: 96
 88225.09c -- Points added in neutron grid: 86
 88226.09c -- Points added in neutron grid: 3181
 89225.09c -- Points added in neutron grid: 42
 89226.09c -- Points added in neutron grid: 80
 89227.09c -- Points added in neutron grid: 116
 90227.09c -- Points added in neutron grid: 52
 90228.09c -- Points added in neutron grid: 165
 90229.09c -- Points added in neutron grid: 508
 90230.09c -- Points added in neutron grid: 2211
 90232.09c -- Points added in neutron grid: 18227
 90233.09c -- Points added in neutron grid: 39
 90234.09c -- Points added in neutron grid: 73
 91231.09c -- Points added in neutron grid: 3863
 91232.09c -- Points added in neutron grid: 226
 91233.09c -- Points added in neutron grid: 3248
 92232.09c -- Points added in neutron grid: 1886
 92233.09c -- Points added in neutron grid: 6260
 92234.09c -- Points added in neutron grid: 7761
 92235.09c -- Points added in neutron grid: 23094
 92236.09c -- Points added in neutron grid: 7311
 92237.09c -- Points added in neutron grid: 2341
 92238.09c -- Points added in neutron grid: 51132
 92239.09c -- Points added in neutron grid: 176
 92240.09c -- Points added in neutron grid: 5304
 92241.09c -- Points added in neutron grid: 2065
 93235.09c -- Points added in neutron grid: 113
 93236.09c -- Points added in neutron grid: 318
 93237.09c -- Points added in neutron grid: 9530
 93238.09c -- Points added in neutron grid: 71
 93239.09c -- Points added in neutron grid: 29
 94236.09c -- Points added in neutron grid: 195
 94237.09c -- Points added in neutron grid: 88
 94238.09c -- Points added in neutron grid: 1425
 94239.09c -- Points added in neutron grid: 18725
 94240.09c -- Points added in neutron grid: 14638
 94241.09c -- Points added in neutron grid: 4331
 94242.09c -- Points added in neutron grid: 1848
 94243.09c -- Points added in neutron grid: 2456
 94244.09c -- Points added in neutron grid: 2197
 94246.09c -- Points added in neutron grid: 58
 95241.09c -- Points added in neutron grid: 4422
 95242.09c -- Points added in neutron grid: 1535
 95342.09c -- Points added in neutron grid: 684
 95243.09c -- Points added in neutron grid: 5983
 95244.09c -- Points added in neutron grid: 72
 96240.09c -- Points added in neutron grid: 2063
 96241.09c -- Points added in neutron grid: 5
 96242.09c -- Points added in neutron grid: 1383
 96243.09c -- Points added in neutron grid: 1594
 96244.09c -- Points added in neutron grid: 5531
 96245.09c -- Points added in neutron grid: 1158
 96246.09c -- Points added in neutron grid: 1852
 96247.09c -- Points added in neutron grid: 1372
 96248.09c -- Points added in neutron grid: 4403
 96249.09c -- Points added in neutron grid: 824
 96250.09c -- Points added in neutron grid: 230
 97247.09c -- Points added in neutron grid: 4253
 97249.09c -- Points added in neutron grid: 2157
 97250.09c -- Points added in neutron grid: 2323
 98249.09c -- Points added in neutron grid: 1436
 98250.09c -- Points added in neutron grid: 2155
 98251.09c -- Points added in neutron grid: 1612
 98252.09c -- Points added in neutron grid: 2070
 98253.09c -- Points added in neutron grid: 2566
 98254.09c -- Points added in neutron grid: 45
 99253.09c -- Points added in neutron grid: 2266
 99254.09c -- Points added in neutron grid: 31
 99255.09c -- Points added in neutron grid: 53

Generating unionized energy grid:

 - Unionization performed without grid thinning
   between 1.00E-11 and 20.0 MeV.

 - Final neutron grid size: 1468895 points.

 - 57.15 Mb of memory allocated for grid data

OK.

Processing cross sections and ENDF reaction laws...

Nuclide   1001.09c -- hydrogen at 900K (H-1)
Nuclide   1002.09c -- deuterium at 900K (H-2)
Nuclide   1003.09c -- tritium at 900K (H-3)
Nuclide   2003.09c -- helium 3 at 900K (He-3)
Nuclide   2004.09c -- helium 4 at 900K (He-4)
Nuclide   3006.09c -- lithium 6 at 900K (Li-6)
Nuclide   3007.09c -- lithium 7 at 900K (Li-7)
Nuclide   4007.09c -- beryllium 7 at 900K (Be-7)
Nuclide   4009.09c -- beryllium 9 at 900K (Be-9)
Nuclide   5010.09c -- boron 10 at 900K (B-10)
Nuclide   5011.09c -- boron 11 at 900K (B-11)
Nuclide   6012.09c -- carbon 12 at 900K (C-12)
Nuclide   7014.09c -- nitrogen 14 at 900K (N-14)
Nuclide   7015.09c -- nitrogen 15 at 900K (N-15)
Nuclide   8016.09c -- oxygen 16 at 900K (O-16)
Nuclide   8016.03c -- oxygen 16 at 300K (O-16)
Nuclide   8017.09c -- oxygen 17 at 900K (O-17)
Nuclide   9019.09c -- fluorine 19 at 900K (F-19)

***** Tue Oct  8 18:53:48 2019 (seed = 1570553561)
Warning message from function ProcessUresData:

35 negative values in ures data

Nuclide  11022.09c -- sodium 22 at 900K (Na-22)
Nuclide  11023.09c -- sodium 23 at 900K (Na-23)
Nuclide  12024.09c -- magnesium 24 at 900K (Mg-24)
Nuclide  12025.09c -- magnesium 25 at 900K (Mg-25)
Nuclide  12026.09c -- magnesium 26 at 900K (Mg-26)
Nuclide  13027.09c -- aluminum 27 at 900K (Al-27)
Nuclide  14028.09c -- silicon 28 at 900K (Si-28)
Nuclide  14029.09c -- silicon 29 at 900K (Si-29)
Nuclide  14030.09c -- silicon 30 at 900K (Si-30)
Nuclide  15031.09c -- phosphorus 31 at 900K (P-31)
Nuclide  16032.09c -- sulfur 32 at 900K (S-32)
Nuclide  16033.09c -- sulfur 33 at 900K (S-33)
Nuclide  16034.09c -- sulfur 34 at 900K (S-34)
Nuclide  16036.09c -- sulfur 36 at 900K (S-36)
Nuclide  17035.09c -- chlorine 35 at 900K (Cl-35)
Nuclide  17037.09c -- chlorine 37 at 900K (Cl-37)

***** Tue Oct  8 18:53:51 2019 (seed = 1570553561)
Warning message from function ProcessUresData:

6 negative values in ures data

Nuclide  18036.09c -- argon 36 at 900K (Ar-36)
Nuclide  18038.09c -- argon 38 at 900K (Ar-38)
Nuclide  18040.09c -- argon 40 at 900K (Ar-40)
Nuclide  19039.09c -- potassium 39 at 900K (K-39)
Nuclide  19040.09c -- potassium 40 at 900K (K-40)
Nuclide  19041.09c -- potassium 41 at 900K (K-41)
Nuclide  20040.09c -- calcium 40 at 900K (Ca-40)
Nuclide  20042.09c -- calcium 42 at 900K (Ca-42)
Nuclide  20043.09c -- calcium 43 at 900K (Ca-43)
Nuclide  20044.09c -- calcium 44 at 900K (Ca-44)
Nuclide  20046.09c -- calcium 46 at 900K (Ca-46)
Nuclide  20048.09c -- calcium 48 at 900K (Ca-48)
Nuclide  21045.09c -- scandium 45 at 900K (Sc-45)
Nuclide  22046.09c -- titanium 46 at 900K (Ti-46)
Nuclide  22047.09c -- titanium 47 at 900K (Ti-47)
Nuclide  22048.09c -- titanium 48 at 900K (Ti-48)
Nuclide  22049.09c -- titanium 49 at 900K (Ti-49)
Nuclide  22050.09c -- titanium 50 at 900K (Ti-50)
Nuclide  23051.09c -- vanadium 51 at 900K (V-51)
Nuclide  24000.09c -- natural chromium at 900K (Cr-nat)
Nuclide  24050.09c -- chromium 50 at 900K (Cr-50)
Nuclide  24052.09c -- chromium 52 at 900K (Cr-52)
Nuclide  24053.09c -- chromium 53 at 900K (Cr-53)
Nuclide  24054.09c -- chromium 54 at 900K (Cr-54)
Nuclide  25055.09c -- manganese 55 at 900K (Mn-55)
Nuclide  26054.09c -- iron 54 at 900K (Fe-54)
Nuclide  26056.09c -- iron 56 at 900K (Fe-56)
Nuclide  26057.09c -- iron 57 at 900K (Fe-57)
Nuclide  26058.09c -- iron 58 at 900K (Fe-58)
Nuclide  27058.09c -- cobalt 58 at 900K (Co-58)
Nuclide  27059.09c -- cobalt 59 at 900K (Co-59)
Nuclide  28000.09c -- natural nickel at 900K (Ni-nat)
Nuclide  28058.09c -- nickel 58 at 900K (Ni-58)
Nuclide  28059.09c -- nickel 59 at 900K (Ni-59)
Nuclide  28060.09c -- nickel 60 at 900K (Ni-60)
Nuclide  28061.09c -- nickel 61 at 900K (Ni-61)
Nuclide  28062.09c -- nickel 62 at 900K (Ni-62)
Nuclide  28064.09c -- nickel 64 at 900K (Ni-64)
Nuclide  29063.09c -- copper 63 at 900K (Cu-63)
Nuclide  29065.09c -- copper 65 at 900K (Cu-65)
Nuclide  30064.09c -- zinc 64 at 900K (Zn-64)
Nuclide  31069.09c -- gallium 69 at 900K (Ga-69)
Nuclide  31071.09c -- gallium 71 at 900K (Ga-71)

 ***** Warning: Unable to process ures data for 32070.09c, tables discarded

Nuclide  32070.09c -- germanium 70 at 900K (Ge-70)
Nuclide  32072.09c -- germanium 72 at 900K (Ge-72)
Nuclide  32073.09c -- germanium 73 at 900K (Ge-73)
Nuclide  32074.09c -- germanium 74 at 900K (Ge-74)
Nuclide  32076.09c -- germanium 76 at 900K (Ge-76)
Nuclide  33074.09c -- arsenic 74 at 900K (As-74)
Nuclide  33075.09c -- arsenic 75 at 900K (As-75)
Nuclide  34074.09c -- selenium 74 at 900K (Se-74)
Nuclide  34076.09c -- selenium 76 at 900K (Se-76)
Nuclide  34077.09c -- selenium 77 at 900K (Se-77)
Nuclide  34078.09c -- selenium 78 at 900K (Se-78)
Nuclide  34079.09c -- selenium 79 at 900K (Se-79)
Nuclide  34080.09c -- selenium 80 at 900K (Se-80)
Nuclide  34082.09c -- selenium 82 at 900K (Se-82)
Nuclide  35079.09c -- bromine 79 at 900K (Br-79)
Nuclide  35081.09c -- bromine 81 at 900K (Br-81)
Nuclide  36078.09c -- krypton 78 at 900K (Kr-78)
Nuclide  36080.09c -- krypton 80 at 900K (Kr-80)
Nuclide  36082.09c -- krypton 82 at 900K (Kr-82)
Nuclide  36083.09c -- krypton 83 at 900K (Kr-83)
Nuclide  36084.09c -- krypton 84 at 900K (Kr-84)
Nuclide  36085.09c -- krypton 85 at 900K (Kr-85)
Nuclide  36086.09c -- krypton 86 at 900K (Kr-86)
Nuclide  37085.09c -- rubidium 85 at 900K (Rb-85)
Nuclide  37086.09c -- rubidium 86 at 900K (Rb-86)
Nuclide  37087.09c -- rubidium 87 at 900K (Rb-87)
Nuclide  38084.09c -- strontium 84 at 900K (Sr-84)
Nuclide  38086.09c -- strontium 86 at 900K (Sr-86)
Nuclide  38087.09c -- strontium 87 at 900K (Sr-87)
Nuclide  38088.09c -- strontium 88 at 900K (Sr-88)
Nuclide  38089.09c -- strontium 89 at 900K (Sr-89)
Nuclide  38090.09c -- strontium 90 at 900K (Sr-90)
Nuclide  39089.09c -- yttrium 89 at 900K (Y-89)
Nuclide  39090.09c -- yttrium 90 at 900K (Y-90)
Nuclide  39091.09c -- yttrium 91 at 900K (Y-91)
Nuclide  40090.09c -- zirconium 90 at 900K (Zr-90)
Nuclide  40091.09c -- zirconium 91 at 900K (Zr-91)
Nuclide  40092.09c -- zirconium 92 at 900K (Zr-92)
Nuclide  40093.09c -- zirconium 93 at 900K (Zr-93)
Nuclide  40094.09c -- zirconium 94 at 900K (Zr-94)
Nuclide  40095.09c -- zirconium 95 at 900K (Zr-95)
Nuclide  40096.09c -- zirconium 96 at 900K (Zr-96)
Nuclide  41093.09c -- niobium 93 at 900K (Nb-93)
Nuclide  41094.09c -- niobium 94 at 900K (Nb-94)
Nuclide  41095.09c -- niobium 95 at 900K (Nb-95)
Nuclide  42092.09c -- molybdenum 92 at 900K (Mo-92)
Nuclide  42094.09c -- molybdenum 94 at 900K (Mo-94)
Nuclide  42095.09c -- molybdenum 95 at 900K (Mo-95)
Nuclide  42096.09c -- molybdenum 96 at 900K (Mo-96)
Nuclide  42097.09c -- molybdenum 97 at 900K (Mo-97)
Nuclide  42098.09c -- molybdenum 98 at 900K (Mo-98)
Nuclide  42099.09c -- molybdenum 99 at 900K (Mo-99)
Nuclide  42100.09c -- molybdenum 100 at 900K (Mo-100)
Nuclide  43099.09c -- technetium 99 at 900K (Tc-99)
Nuclide  44096.09c -- ruthenium 96 at 900K (Ru-96)
Nuclide  44098.09c -- ruthenium 98 at 900K (Ru-98)
Nuclide  44099.09c -- ruthenium 99 at 900K (Ru-99)
Nuclide  44100.09c -- ruthenium 100 at 900K (Ru-100)
Nuclide  44101.09c -- ruthenium 101 at 900K (Ru-101)
Nuclide  44102.09c -- ruthenium 102 at 900K (Ru-102)
Nuclide  44103.09c -- ruthenium 103 at 900K (Ru-103)
Nuclide  44104.09c -- ruthenium 104 at 900K (Ru-104)
Nuclide  44105.09c -- ruthenium 105 at 900K (Ru-105)
Nuclide  44106.09c -- ruthenium 106 at 900K (Ru-106)
Nuclide  45103.09c -- rhodium 103 at 900K (Rh-103)
Nuclide  45105.09c -- rhodium 105 at 900K (Rh-105)
Nuclide  46102.09c -- palladium 102 at 900K (Pd-102)
Nuclide  46104.09c -- palladium 104 at 900K (Pd-104)
Nuclide  46105.09c -- palladium 105 at 900K (Pd-105)
Nuclide  46106.09c -- palladium 106 at 900K (Pd-106)
Nuclide  46107.09c -- palladium 107 at 900K (Pd-107)
Nuclide  46108.09c -- palladium 108 at 900K (Pd-108)
Nuclide  46110.09c -- palladium 110 at 900K (Pd-110)
Nuclide  47107.09c -- silver 107 at 900K (Ag-107)
Nuclide  47109.09c -- silver 109 at 900K (Ag-109)
Nuclide  47310.09c -- silver 110m at 900K (Ag-110m)
Nuclide  47111.09c -- silver 111 at 900K (Ag-111)
Nuclide  48106.09c -- cadmium 106 at 900K (Cd-106)
Nuclide  48108.09c -- cadmium 108 at 900K (Cd-108)
Nuclide  48110.09c -- cadmium 110 at 900K (Cd-110)
Nuclide  48111.09c -- cadmium 111 at 900K (Cd-111)
Nuclide  48112.09c -- cadmium 112 at 900K (Cd-112)
Nuclide  48113.09c -- cadmium 113 at 900K (Cd-113)
Nuclide  48114.09c -- cadmium 114 at 900K (Cd-114)
Nuclide  48315.09c -- cadmium 115m at 900K (Cd-115m)
Nuclide  48116.09c -- cadmium 116 at 900K (Cd-116)
Nuclide  49113.09c -- indium 113 at 900K (In-113)
Nuclide  49115.09c -- indium 115 at 900K (In-115)
Nuclide  50112.09c -- tin 112 at 900K (Sn-112)
Nuclide  50113.09c -- tin 113 at 900K (Sn-113)
Nuclide  50114.09c -- tin 114 at 900K (Sn-114)
Nuclide  50115.09c -- tin 115 at 900K (Sn-115)
Nuclide  50116.09c -- tin 116 at 900K (Sn-116)
Nuclide  50117.09c -- tin 117 at 900K (Sn-117)
Nuclide  50118.09c -- tin 118 at 900K (Sn-118)
Nuclide  50119.09c -- tin 119 at 900K (Sn-119)
Nuclide  50120.09c -- tin 120 at 900K (Sn-120)
Nuclide  50122.09c -- tin 122 at 900K (Sn-122)
Nuclide  50123.09c -- tin 123 at 900K (Sn-123)
Nuclide  50124.09c -- tin 124 at 900K (Sn-124)
Nuclide  50125.09c -- tin 125 at 900K (Sn-125)
Nuclide  50126.09c -- tin 126 at 900K (Sn-126)
Nuclide  51121.09c -- antimony 121 at 900K (Sb-121)
Nuclide  51123.09c -- antimony 123 at 900K (Sb-123)
Nuclide  51124.09c -- antimony 124 at 900K (Sb-124)
Nuclide  51125.09c -- antimony 125 at 900K (Sb-125)
Nuclide  51126.09c -- antimony 126 at 900K (Sb-126)
Nuclide  52120.09c -- tellurium 120 at 900K (Te-120)
Nuclide  52122.09c -- tellurium 122 at 900K (Te-122)
Nuclide  52123.09c -- tellurium 123 at 900K (Te-123)
Nuclide  52124.09c -- tellurium 124 at 900K (Te-124)
Nuclide  52125.09c -- tellurium 125 at 900K (Te-125)
Nuclide  52126.09c -- tellurium 126 at 900K (Te-126)
Nuclide  52327.09c -- tellurium 127m at 900K (Te-127m)
Nuclide  52128.09c -- tellurium 128 at 900K (Te-128)
Nuclide  52329.09c -- tellurium 129m at 900K (Te-129m)
Nuclide  52130.09c -- tellurium 130 at 900K (Te-130)
Nuclide  52132.09c -- tellurium 132 at 900K (Te-132)
Nuclide  53127.09c -- iodine 127 at 900K (I-127)
Nuclide  53129.09c -- iodine 129 at 900K (I-129)
Nuclide  53130.09c -- iodine 130 at 900K (I-130)
Nuclide  53131.09c -- iodine 131 at 900K (I-131)
Nuclide  53135.09c -- iodine 135 at 900K (I-135)
Nuclide  54123.09c -- xenon 123 at 900K (Xe-123)
Nuclide  54124.09c -- xenon 124 at 900K (Xe-124)
Nuclide  54126.09c -- xenon 126 at 900K (Xe-126)
Nuclide  54128.09c -- xenon 128 at 900K (Xe-128)
Nuclide  54129.09c -- xenon 129 at 900K (Xe-129)
Nuclide  54130.09c -- xenon 130 at 900K (Xe-130)
Nuclide  54131.09c -- xenon 131 at 900K (Xe-131)
Nuclide  54132.09c -- xenon 132 at 900K (Xe-132)
Nuclide  54133.09c -- xenon 133 at 900K (Xe-133)
Nuclide  54134.09c -- xenon 134 at 900K (Xe-134)
Nuclide  54135.09c -- xenon 135 at 900K (Xe-135)
Nuclide  54136.09c -- xenon 136 at 900K (Xe-136)
Nuclide  55133.09c -- cesium 133 at 900K (Cs-133)
Nuclide  55134.09c -- cesium 134 at 900K (Cs-134)
Nuclide  55135.09c -- cesium 135 at 900K (Cs-135)
Nuclide  55136.09c -- cesium 136 at 900K (Cs-136)
Nuclide  55137.09c -- cesium 137 at 900K (Cs-137)
Nuclide  56130.09c -- barium 130 at 900K (Ba-130)
Nuclide  56132.09c -- barium 132 at 900K (Ba-132)
Nuclide  56133.09c -- barium 133 at 900K (Ba-133)
Nuclide  56134.09c -- barium 134 at 900K (Ba-134)
Nuclide  56135.09c -- barium 135 at 900K (Ba-135)
Nuclide  56136.09c -- barium 136 at 900K (Ba-136)
Nuclide  56137.09c -- barium 137 at 900K (Ba-137)
Nuclide  56138.09c -- barium 138 at 900K (Ba-138)
Nuclide  56140.09c -- barium 140 at 900K (Ba-140)
Nuclide  57138.09c -- lanthanum 138 at 900K (La-138)
Nuclide  57139.09c -- lanthanum 139 at 900K (La-139)
Nuclide  57140.09c -- lanthanum 140 at 900K (La-140)
Nuclide  58136.09c -- cerium 136 at 900K (Ce-136)
Nuclide  58138.09c -- cerium 138 at 900K (Ce-138)
Nuclide  58139.09c -- cerium 139 at 900K (Ce-139)
Nuclide  58140.09c -- cerium 140 at 900K (Ce-140)
Nuclide  58141.09c -- cerium 141 at 900K (Ce-141)
Nuclide  58142.09c -- cerium 142 at 900K (Ce-142)
Nuclide  58143.09c -- cerium 143 at 900K (Ce-143)
Nuclide  58144.09c -- cerium 144 at 900K (Ce-144)
Nuclide  59141.09c -- praseodymium 141 at 900K (Pr-141)
Nuclide  59142.09c -- praseodymium 142 at 900K (Pr-142)
Nuclide  59143.09c -- praseodymium 143 at 900K (Pr-143)
Nuclide  60142.09c -- neodymium 142 at 900K (Nd-142)
Nuclide  60143.09c -- neodymium 143 at 900K (Nd-143)
Nuclide  60144.09c -- neodymium 144 at 900K (Nd-144)
Nuclide  60145.09c -- neodymium 145 at 900K (Nd-145)
Nuclide  60146.09c -- neodymium 146 at 900K (Nd-146)
Nuclide  60147.09c -- neodymium 147 at 900K (Nd-147)
Nuclide  60148.09c -- neodymium 148 at 900K (Nd-148)
Nuclide  60150.09c -- neodymium 150 at 900K (Nd-150)
Nuclide  61147.09c -- promethium 147 at 900K (Pm-147)
Nuclide  61148.09c -- promethium 148 at 900K (Pm-148)
Nuclide  61149.09c -- promethium 149 at 900K (Pm-149)
Nuclide  61151.09c -- promethium 151 at 900K (Pm-151)
Nuclide  62144.09c -- samarium 144 at 900K (Sm-144)
Nuclide  62147.09c -- samarium 147 at 900K (Sm-147)
Nuclide  62148.09c -- samarium 148 at 900K (Sm-148)
Nuclide  62149.09c -- samarium 149 at 900K (Sm-149)
Nuclide  62150.09c -- samarium 150 at 900K (Sm-150)
Nuclide  62151.09c -- samarium 151 at 900K (Sm-151)
Nuclide  62152.09c -- samarium 152 at 900K (Sm-152)
Nuclide  62153.09c -- samarium 153 at 900K (Sm-153)
Nuclide  62154.09c -- samarium 154 at 900K (Sm-154)
Nuclide  63151.09c -- europium 151 at 900K (Eu-151)
Nuclide  63152.09c -- europium 152 at 900K (Eu-152)
Nuclide  63153.09c -- europium 153 at 900K (Eu-153)
Nuclide  63154.09c -- europium 154 at 900K (Eu-154)
Nuclide  63155.09c -- europium 155 at 900K (Eu-155)
Nuclide  63156.09c -- europium 156 at 900K (Eu-156)
Nuclide  63157.09c -- europium 157 at 900K (Eu-157)
Nuclide  64152.09c -- gadolinium 152 at 900K (Gd-152)
Nuclide  64153.09c -- gadolinium 153 at 900K (Gd-153)
Nuclide  64154.09c -- gadolinium 154 at 900K (Gd-154)
Nuclide  64155.09c -- gadolinium 155 at 900K (Gd-155)
Nuclide  64156.09c -- gadolinium 156 at 900K (Gd-156)
Nuclide  64157.09c -- gadolinium 157 at 900K (Gd-157)
Nuclide  64158.09c -- gadolinium 158 at 900K (Gd-158)
Nuclide  64160.09c -- gadolinium 160 at 900K (Gd-160)
Nuclide  65159.09c -- terbium 159 at 900K (Tb-159)
Nuclide  65160.09c -- terbium 160 at 900K (Tb-160)
Nuclide  66156.09c -- dysprosium 156 at 900K (Dy-156)
Nuclide  66158.09c -- dysprosium 158 at 900K (Dy-158)
Nuclide  66160.09c -- dysprosium 160 at 900K (Dy-160)
Nuclide  66161.09c -- dysprosium 161 at 900K (Dy-161)
Nuclide  66162.09c -- dysprosium 162 at 900K (Dy-162)
Nuclide  66163.09c -- dysprosium 163 at 900K (Dy-163)
Nuclide  66164.09c -- dysprosium 164 at 900K (Dy-164)
Nuclide  67165.09c -- holmium 165 at 900K (Ho-165)
Nuclide  67366.09c -- holmium 166m at 900K (Ho-166m)
Nuclide  68162.09c -- erbium 162 at 900K (Er-162)
Nuclide  68164.09c -- erbium 164 at 900K (Er-164)
Nuclide  68166.09c -- erbium 166 at 900K (Er-166)
Nuclide  68167.09c -- erbium 167 at 900K (Er-167)
Nuclide  68168.09c -- erbium 168 at 900K (Er-168)
Nuclide  68170.09c -- erbium 170 at 900K (Er-170)
Nuclide  71175.09c -- lutetium 175 at 900K (Lu-175)
Nuclide  71176.09c -- lutetium 176 at 900K (Lu-176)
Nuclide  72174.09c -- hafnium 174 at 900K (Hf-174)
Nuclide  72176.09c -- hafnium 176 at 900K (Hf-176)
Nuclide  72177.09c -- hafnium 177 at 900K (Hf-177)
Nuclide  72178.09c -- hafnium 178 at 900K (Hf-178)
Nuclide  72179.09c -- hafnium 179 at 900K (Hf-179)
Nuclide  72180.09c -- hafnium 180 at 900K (Hf-180)

***** Tue Oct  8 18:55:01 2019 (seed = 1570553561)
Warning message from function ProcessUresData:

6 negative values in ures data

Nuclide  73181.09c -- tantalum 181 at 900K (Ta-181)
Nuclide  73182.09c -- tantalum 182 at 900K (Ta-182)

 ***** Warning: Unable to process ures data for 74000.09c, tables discarded

Nuclide  74000.09c -- natural tungsten at 900K (W-nat)
Nuclide  74182.09c -- tungsten 182 at 900K (W-182)
Nuclide  74183.09c -- tungsten 183 at 900K (W-183)
Nuclide  74184.09c -- tungsten 184 at 900K (W-184)
Nuclide  74186.09c -- tungsten 186 at 900K (W-186)
Nuclide  75185.09c -- rhenium 185 at 900K (Re-185)
Nuclide  75187.09c -- rhenium 187 at 900K (Re-187)
Nuclide  77191.09c -- iridium 191 at 900K (Ir-191)
Nuclide  77193.09c -- iridium 193 at 900K (Ir-193)
Nuclide  79197.09c -- gold 197 at 900K (Au-197)
Nuclide  80196.09c -- mercury 196 at 900K (Hg-196)
Nuclide  80198.09c -- mercury 198 at 900K (Hg-198)
Nuclide  80199.09c -- mercury 199 at 900K (Hg-199)
Nuclide  80200.09c -- mercury 200 at 900K (Hg-200)
Nuclide  80201.09c -- mercury 201 at 900K (Hg-201)
Nuclide  80202.09c -- mercury 202 at 900K (Hg-202)
Nuclide  80204.09c -- mercury 204 at 900K (Hg-204)
Nuclide  82000.03c -- natural lead at 300K (Pb-nat)
Nuclide  82204.09c -- lead 204 at 900K (Pb-204)
Nuclide  82206.09c -- lead 206 at 900K (Pb-206)
Nuclide  82207.09c -- lead 207 at 900K (Pb-207)
Nuclide  82208.09c -- lead 208 at 900K (Pb-208)
Nuclide  83209.09c -- bismuth 209 at 900K (Bi-209)
Nuclide  88223.09c -- radium 223 at 900K (Ra-223)
Nuclide  88224.09c -- radium 224 at 900K (Ra-224)
Nuclide  88225.09c -- radium 225 at 900K (Ra-225)
Nuclide  88226.09c -- radium 226 at 900K (Ra-226)
Nuclide  89225.09c -- actinium 225 at 900K (Ac-225)
Nuclide  89226.09c -- actinium 226 at 900K (Ac-226)
Nuclide  89227.09c -- actinium 227 at 900K (Ac-227)
Nuclide  90227.09c -- thorium 227 at 900K (Th-227)
Nuclide  90228.09c -- thorium 228 at 900K (Th-228)
Nuclide  90229.09c -- thorium 229 at 900K (Th-229)
Nuclide  90230.09c -- thorium 230 at 900K (Th-230)
Nuclide  90232.09c -- thorium 232 at 900K (Th-232)
Nuclide  90233.09c -- thorium 233 at 900K (Th-233)
Nuclide  90234.09c -- thorium 234 at 900K (Th-234)
Nuclide  91231.09c -- protactinium 231 at 900K (Pa-231)
Nuclide  91232.09c -- protactinium 232 at 900K (Pa-232)
Nuclide  91233.09c -- protactinium 233 at 900K (Pa-233)
Nuclide  92232.09c -- uranium 232 at 900K (U-232)
Nuclide  92233.09c -- uranium 233 at 900K (U-233)
Nuclide  92234.09c -- uranium 234 at 900K (U-234)
Nuclide  92235.09c -- uranium 235 at 900K (U-235)
Nuclide  92236.09c -- uranium 236 at 900K (U-236)
Nuclide  92237.09c -- uranium 237 at 900K (U-237)
Nuclide  92238.09c -- uranium 238 at 900K (U-238)
Nuclide  92239.09c -- uranium 239 at 900K (U-239)
Nuclide  92240.09c -- uranium 240 at 900K (U-240)
Nuclide  92241.09c -- uranium 241 at 900K (U-241)
Nuclide  93235.09c -- neptunium 235 at 900K (Np-235)
Nuclide  93236.09c -- neptunium 236 at 900K (Np-236)
Nuclide  93237.09c -- neptunium 237 at 900K (Np-237)
Nuclide  93238.09c -- neptunium 238 at 900K (Np-238)
Nuclide  93239.09c -- neptunium 239 at 900K (Np-239)
Nuclide  94236.09c -- plutonium 236 at 900K (Pu-236)
Nuclide  94237.09c -- plutonium 237 at 900K (Pu-237)
Nuclide  94238.09c -- plutonium 238 at 900K (Pu-238)
Nuclide  94239.09c -- plutonium 239 at 900K (Pu-239)
Nuclide  94240.09c -- plutonium 240 at 900K (Pu-240)
Nuclide  94241.09c -- plutonium 241 at 900K (Pu-241)
Nuclide  94242.09c -- plutonium 242 at 900K (Pu-242)
Nuclide  94243.09c -- plutonium 243 at 900K (Pu-243)
Nuclide  94244.09c -- plutonium 244 at 900K (Pu-244)
Nuclide  94246.09c -- plutonium 246 at 900K (Pu-246)
Nuclide  95241.09c -- americium 241 at 900K (Am-241)
Nuclide  95242.09c -- americium 242 at 900K (Am-242)
Nuclide  95342.09c -- americium 242m at 900K (Am-242m)
Nuclide  95243.09c -- americium 243 at 900K (Am-243)
Nuclide  95244.09c -- americium 244 at 900K (Am-244)
Nuclide  96240.09c -- curium 240 at 900K (Cm-240)
Nuclide  96241.09c -- curium 241 at 900K (Cm-241)
Nuclide  96242.09c -- curium 242 at 900K (Cm-242)
Nuclide  96243.09c -- curium 243 at 900K (Cm-243)
Nuclide  96244.09c -- curium 244 at 900K (Cm-244)
Nuclide  96245.09c -- curium 245 at 900K (Cm-245)
Nuclide  96246.09c -- curium 246 at 900K (Cm-246)
Nuclide  96247.09c -- curium 247 at 900K (Cm-247)
Nuclide  96248.09c -- curium 248 at 900K (Cm-248)
Nuclide  96249.09c -- curium 249 at 900K (Cm-249)
Nuclide  96250.09c -- curium 250 at 900K (Cm-250)
Nuclide  97247.09c -- berkelium 247 at 900K (Bk-247)
Nuclide  97249.09c -- berkelium 249 at 900K (Bk-249)
Nuclide  97250.09c -- berkelium 250 at 900K (Bk-250)
Nuclide  98249.09c -- californium 249 at 900K (Cf-249)
Nuclide  98250.09c -- californium 250 at 900K (Cf-250)
Nuclide  98251.09c -- californium 251 at 900K (Cf-251)
Nuclide  98252.09c -- californium 252 at 900K (Cf-252)

***** Tue Oct  8 18:55:20 2019 (seed = 1570553561)
Warning message from function ProcessUresData:

12 negative values in ures data

Nuclide  98253.09c -- californium 253 at 900K (Cf-253)
Nuclide  98254.09c -- californium 254 at 900K (Cf-254)

***** Tue Oct  8 18:55:21 2019 (seed = 1570553561)
Warning message from function ProcessUresData:

11 negative values in ures data

Nuclide  99253.09c -- einsteinium 253 at 900K (Es-253)
Nuclide  99254.09c -- einsteinium 254 at 900K (Es-254)
Nuclide  99255.09c -- einsteinium 255 at 900K (Es-255)

SUMMARY -- 396 nuclides included in calculation:

 - 396 transport nuclides
 - Neutron energy cut-offs at 1.00E-11 and 20.0 MeV
 - 10675 transport reactions
 - 4712 special reactions
 - 251 decay reactions
 - 35.78 Gb of memory allocated for data
 - 253 nuclides with ures ptable table data:

   11022.09c (from 1.50E-02 to 1.00E-01 MeV)
   18036.09c (from 4.65E-02 to 1.00E+00 MeV)
   18038.09c (from 3.00E-01 to 1.00E+00 MeV)
   30064.09c (from 7.50E-02 to 2.00E-01 MeV)
   32072.09c (from 1.20E-02 to 7.01E-01 MeV)
   32073.09c (from 8.63E-03 to 1.37E-02 MeV)
   32074.09c (from 6.00E-03 to 6.04E-01 MeV)
   32076.09c (from 3.00E-02 to 5.70E-01 MeV)
   33074.09c (from 5.50E-05 to 1.73E-01 MeV)
   33075.09c (from 9.70E-03 to 1.00E-01 MeV)
   34074.09c (from 2.60E-03 to 1.00E-01 MeV)
   34076.09c (from 9.00E-03 to 1.00E-01 MeV)
   34077.09c (from 2.70E-03 to 1.00E-01 MeV)
   34078.09c (from 1.20E-02 to 1.00E-01 MeV)
   34079.09c (from 3.80E-05 to 1.00E-01 MeV)
   34080.09c (from 1.00E-02 to 1.00E-01 MeV)
   34082.09c (from 3.00E-02 to 1.00E-01 MeV)
   35079.09c (from 5.50E-03 to 1.00E-01 MeV)
   35081.09c (from 1.60E-02 to 1.00E-01 MeV)
   36078.09c (from 8.00E-04 to 1.00E-01 MeV)
   36080.09c (from 1.00E-03 to 1.00E-01 MeV)
   36082.09c (from 4.00E-05 to 1.00E-01 MeV)
   36083.09c (from 2.72E-04 to 1.00E-01 MeV)
   36085.09c (from 1.80E-03 to 3.08E-01 MeV)
   37085.09c (from 8.47E-03 to 1.00E-01 MeV)
   37086.09c (from 3.00E-03 to 5.62E-01 MeV)
   37087.09c (from 1.25E-02 to 1.00E-01 MeV)
   38084.09c (from 3.40E-03 to 8.03E-01 MeV)
   38086.09c (from 3.00E-02 to 1.00E-01 MeV)
   38087.09c (from 1.41E-02 to 1.00E-01 MeV)
   38089.09c (from 1.40E-03 to 1.00E-01 MeV)
   38090.09c (from 6.00E-03 to 1.00E-01 MeV)
   39090.09c (from 1.00E-02 to 2.05E-01 MeV)
   39091.09c (from 3.80E-04 to 1.00E-01 MeV)
   40090.09c (from 6.00E-02 to 4.00E-01 MeV)
   40091.09c (from 2.00E-02 to 1.00E-01 MeV)
   40092.09c (from 7.10E-02 to 1.00E-01 MeV)
   40093.09c (from 6.80E-03 to 1.00E-01 MeV)
   40094.09c (from 9.00E-02 to 1.00E-01 MeV)
   40095.09c (from 1.25E-04 to 1.00E-01 MeV)
   41094.09c (from 2.80E-05 to 1.00E-01 MeV)
   41095.09c (from 2.50E-05 to 1.00E-01 MeV)
   42092.09c (from 5.00E-02 to 1.00E-01 MeV)
   42094.09c (from 2.00E-02 to 1.00E-01 MeV)
   42095.09c (from 2.14E-03 to 2.06E-01 MeV)
   42096.09c (from 1.90E-02 to 1.00E-01 MeV)
   42097.09c (from 2.00E-03 to 1.00E-01 MeV)
   42098.09c (from 3.20E-02 to 1.00E-01 MeV)
   42099.09c (from 2.40E-05 to 1.00E-01 MeV)
   42100.09c (from 2.60E-02 to 1.00E-01 MeV)
   43099.09c (from 6.37E-03 to 1.42E-01 MeV)
   44096.09c (from 2.00E-04 to 1.00E-01 MeV)
   44098.09c (from 1.40E-04 to 1.00E-01 MeV)
   44099.09c (from 1.00E-03 to 1.00E-01 MeV)
   44100.09c (from 1.20E-02 to 1.00E-01 MeV)
   44101.09c (from 1.04E-03 to 1.28E-01 MeV)
   44102.09c (from 1.34E-02 to 1.00E-01 MeV)
   44103.09c (from 3.50E-04 to 1.00E-01 MeV)
   44104.09c (from 1.11E-02 to 1.00E-01 MeV)
   44106.09c (from 5.00E-04 to 1.00E-01 MeV)
   45103.09c (from 4.12E-03 to 4.01E-02 MeV)
   45105.09c (from 7.50E-06 to 1.00E-01 MeV)
   46105.09c (from 2.05E-03 to 2.83E-01 MeV)
   46107.09c (from 1.00E-03 to 1.00E-01 MeV)
   47109.09c (from 5.00E-03 to 8.88E-02 MeV)
   47310.09c (from 1.25E-04 to 1.00E-01 MeV)
   47111.09c (from 9.99E-04 to 6.04E-02 MeV)
   48106.09c (from 6.00E-03 to 1.00E-01 MeV)
   48108.09c (from 6.00E-03 to 1.00E-01 MeV)
   48110.09c (from 7.00E-03 to 1.00E-01 MeV)
   48111.09c (from 2.30E-03 to 1.00E-01 MeV)
   48112.09c (from 1.15E-02 to 1.00E-01 MeV)
   48113.09c (from 1.10E-02 to 1.00E-01 MeV)
   48114.09c (from 8.00E-03 to 1.00E-01 MeV)
   48315.09c (from 1.00E-03 to 4.09E-02 MeV)
   48116.09c (from 9.50E-03 to 1.00E-01 MeV)
   49113.09c (from 6.00E-04 to 1.00E-01 MeV)
   49115.09c (from 2.00E-03 to 1.00E-01 MeV)
   50112.09c (from 1.50E-03 to 1.00E-01 MeV)
   50113.09c (from 5.10E-04 to 7.81E-02 MeV)
   50114.09c (from 2.00E-03 to 1.00E-01 MeV)
   50115.09c (from 9.00E-04 to 1.00E-01 MeV)
   50116.09c (from 3.00E-02 to 1.00E-01 MeV)
   50117.09c (from 2.30E-03 to 1.00E-01 MeV)
   50118.09c (from 2.00E-03 to 1.00E-01 MeV)
   50119.09c (from 1.26E-03 to 1.00E-01 MeV)
   50120.09c (from 5.00E-02 to 1.00E-01 MeV)
   50123.09c (from 2.20E-05 to 1.00E-01 MeV)
   50125.09c (from 9.90E-04 to 2.77E-02 MeV)
   50126.09c (from 2.00E-03 to 1.00E-01 MeV)
   51121.09c (from 5.40E-03 to 1.00E-01 MeV)
   51123.09c (from 5.40E-03 to 1.00E-01 MeV)
   51124.09c (from 2.54E-06 to 1.00E-01 MeV)
   51125.09c (from 1.40E-05 to 1.00E-01 MeV)
   51126.09c (from 9.99E-04 to 1.78E-02 MeV)
   52120.09c (from 6.80E-05 to 1.00E-01 MeV)
   52122.09c (from 2.00E-02 to 1.00E-01 MeV)
   52123.09c (from 2.00E-03 to 1.00E-01 MeV)
   52124.09c (from 1.50E-02 to 1.00E-01 MeV)
   52125.09c (from 7.75E-03 to 1.00E-01 MeV)
   52126.09c (from 1.36E-02 to 1.00E-01 MeV)
   52327.09c (from 5.30E-06 to 1.00E-01 MeV)
   52128.09c (from 2.25E-02 to 1.00E-01 MeV)
   52329.09c (from 7.20E-06 to 1.00E-01 MeV)
   52130.09c (from 3.10E-02 to 1.00E-01 MeV)
   52132.09c (from 2.78E-02 to 9.81E-01 MeV)
   53129.09c (from 3.40E-03 to 1.00E-01 MeV)
   53130.09c (from 5.60E-04 to 4.03E-02 MeV)
   53131.09c (from 3.00E-05 to 1.00E-01 MeV)
   54124.09c (from 2.60E-04 to 1.00E-01 MeV)
   54126.09c (from 2.33E-03 to 1.00E-01 MeV)
   54128.09c (from 3.50E-03 to 1.00E-01 MeV)
   54129.09c (from 4.10E-03 to 1.00E-01 MeV)
   54131.09c (from 3.95E-03 to 8.08E-02 MeV)
   54132.09c (from 4.00E-03 to 1.00E-01 MeV)
   54133.09c (from 8.05E-05 to 1.00E-01 MeV)
   54134.09c (from 1.00E-02 to 1.00E-01 MeV)
   54135.09c (from 1.90E-04 to 1.00E-01 MeV)
   55133.09c (from 3.99E-03 to 8.16E-02 MeV)
   55134.09c (from 1.80E-04 to 1.00E-01 MeV)
   55135.09c (from 2.20E-04 to 1.00E-01 MeV)
   55136.09c (from 2.90E-05 to 1.00E-01 MeV)
   55137.09c (from 1.70E-03 to 1.00E-01 MeV)
   56130.09c (from 2.80E-03 to 1.00E-01 MeV)
   56132.09c (from 1.30E-04 to 1.00E-01 MeV)
   56133.09c (from 3.06E-04 to 1.24E-02 MeV)
   56134.09c (from 1.10E-02 to 1.00E-01 MeV)
   56135.09c (from 4.70E-03 to 1.00E-01 MeV)
   56136.09c (from 3.50E-02 to 1.00E-01 MeV)
   56137.09c (from 1.25E-02 to 1.00E-01 MeV)
   56140.09c (from 2.30E-02 to 1.00E-01 MeV)
   57138.09c (from 3.30E-04 to 1.00E-01 MeV)
   57139.09c (from 2.00E-02 to 1.00E-01 MeV)
   57140.09c (from 9.99E-04 to 3.02E-02 MeV)
   58136.09c (from 8.80E-04 to 5.56E-01 MeV)
   58138.09c (from 9.99E-04 to 7.19E-01 MeV)
   58139.09c (from 3.01E-04 to 2.57E-01 MeV)
   58141.09c (from 3.50E-04 to 1.00E-01 MeV)
   58142.09c (from 1.30E-02 to 1.00E-01 MeV)
   58143.09c (from 4.60E-04 to 1.90E-02 MeV)
   58144.09c (from 5.00E-05 to 1.00E-01 MeV)
   59141.09c (from 1.01E-02 to 1.46E-01 MeV)
   59142.09c (from 9.99E-04 to 3.68E-03 MeV)
   59143.09c (from 3.75E-04 to 1.00E-01 MeV)
   60142.09c (from 2.25E-02 to 2.00E-01 MeV)
   60143.09c (from 5.50E-03 to 2.25E-01 MeV)
   60144.09c (from 9.98E-03 to 2.50E-01 MeV)
   60145.09c (from 3.98E-03 to 6.77E-02 MeV)
   60146.09c (from 7.60E-03 to 4.57E-01 MeV)
   60147.09c (from 1.80E-04 to 5.03E-02 MeV)
   60148.09c (from 9.99E-03 to 3.00E-01 MeV)
   60150.09c (from 1.39E-02 to 1.31E-01 MeV)
   61147.09c (from 1.02E-04 to 1.00E-01 MeV)
   61148.09c (from 1.10E-06 to 1.00E-01 MeV)
   61149.09c (from 2.60E-06 to 1.00E-01 MeV)
   61151.09c (from 1.56E-04 to 8.57E-02 MeV)
   62144.09c (from 1.19E-02 to 5.36E-01 MeV)
   62147.09c (from 1.99E-03 to 1.22E-01 MeV)
   62148.09c (from 9.14E-04 to 4.27E-01 MeV)
   62149.09c (from 5.20E-04 to 2.27E-02 MeV)
   62150.09c (from 1.57E-03 to 3.36E-01 MeV)
   62151.09c (from 2.96E-04 to 6.63E-02 MeV)
   62152.09c (from 5.15E-03 to 1.23E-01 MeV)
   62153.09c (from 2.50E-05 to 6.50E-03 MeV)
   62154.09c (from 5.20E-03 to 8.25E-02 MeV)
   63151.09c (from 1.00E-04 to 1.00E-01 MeV)
   63152.09c (from 6.20E-05 to 1.00E-01 MeV)
   63153.09c (from 9.78E-05 to 8.39E-02 MeV)
   63154.09c (from 2.75E-05 to 1.00E-01 MeV)
   63155.09c (from 2.97E-05 to 1.00E-01 MeV)
   63156.09c (from 1.00E-06 to 1.00E-01 MeV)
   63157.09c (from 6.72E-05 to 7.72E-02 MeV)
   64152.09c (from 2.66E-03 to 3.46E-01 MeV)
   64153.09c (from 1.32E-04 to 4.10E-02 MeV)
   64154.09c (from 2.76E-03 to 1.23E-01 MeV)
   64155.09c (from 1.83E-04 to 6.04E-02 MeV)
   64156.09c (from 2.23E-03 to 9.00E-02 MeV)
   64157.09c (from 3.07E-04 to 5.49E-02 MeV)
   64158.09c (from 9.98E-03 to 8.00E-02 MeV)
   64160.09c (from 9.66E-03 to 7.50E-02 MeV)
   65159.09c (from 1.25E-03 to 1.00E-01 MeV)
   65160.09c (from 9.00E-06 to 6.40E-02 MeV)
   66156.09c (from 9.10E-05 to 1.39E-01 MeV)
   66158.09c (from 8.62E-05 to 9.96E-02 MeV)
   66160.09c (from 2.01E-03 to 8.73E-02 MeV)
   66161.09c (from 9.96E-04 to 2.58E-02 MeV)
   66162.09c (from 4.85E-03 to 8.12E-02 MeV)
   66163.09c (from 9.97E-04 to 7.39E-02 MeV)
   66164.09c (from 7.00E-03 to 7.38E-02 MeV)
   67366.09c (from 6.50E-05 to 1.33E-01 MeV)
   68167.09c (from 1.75E-03 to 1.00E-02 MeV)
   68170.09c (from 5.00E-03 to 7.91E-02 MeV)
   71175.09c (from 4.11E-04 to 1.00E-02 MeV)
   71176.09c (from 1.02E-04 to 1.00E-02 MeV)
   72174.09c (from 2.30E-04 to 9.00E-02 MeV)
   72176.09c (from 1.08E-03 to 9.00E-02 MeV)
   72177.09c (from 7.00E-04 to 9.00E-02 MeV)
   72178.09c (from 2.10E-03 to 9.00E-02 MeV)
   72179.09c (from 4.50E-04 to 9.00E-02 MeV)
   72180.09c (from 1.00E-02 to 9.00E-02 MeV)
   73181.09c (from 3.30E-04 to 5.00E-03 MeV)
   73182.09c (from 3.50E-05 to 1.00E-02 MeV)
   74182.09c (from 4.50E-03 to 1.00E-01 MeV)
   74183.09c (from 7.65E-04 to 4.50E-02 MeV)
   74184.09c (from 2.65E-03 to 1.00E-01 MeV)
   74186.09c (from 3.20E-03 to 1.00E-01 MeV)
   75185.09c (from 2.00E-03 to 3.50E-02 MeV)
   75187.09c (from 2.00E-03 to 3.50E-02 MeV)
   77193.09c (from 3.10E-04 to 7.34E-02 MeV)
   90232.09c (from 4.00E-03 to 1.00E-01 MeV)
   91231.09c (from 1.17E-04 to 7.80E-02 MeV)
   91233.09c (from 1.07E-04 to 7.09E-02 MeV)
   92232.09c (from 1.94E-04 to 2.00E-03 MeV)
   92233.09c (from 6.00E-04 to 4.00E-02 MeV)
   92234.09c (from 1.50E-03 to 1.00E-01 MeV)
   92235.09c (from 2.25E-03 to 2.50E-02 MeV)
   92236.09c (from 1.50E-03 to 1.00E-01 MeV)
   92237.09c (from 1.03E-04 to 1.00E-02 MeV)
   92238.09c (from 2.00E-02 to 1.49E-01 MeV)
   92239.09c (from 1.03E-04 to 1.00E-02 MeV)
   92240.09c (from 9.86E-04 to 1.00E-02 MeV)
   92241.09c (from 1.03E-04 to 1.00E-02 MeV)
   93237.09c (from 5.00E-04 to 3.50E-02 MeV)
   94236.09c (from 1.00E-05 to 3.00E-02 MeV)
   94238.09c (from 2.00E-04 to 1.00E-02 MeV)
   94239.09c (from 2.50E-03 to 3.00E-02 MeV)
   94240.09c (from 5.70E-03 to 4.00E-02 MeV)
   94241.09c (from 3.00E-04 to 4.02E-02 MeV)
   94242.09c (from 9.86E-04 to 1.00E-02 MeV)
   94243.09c (from 1.02E-04 to 1.00E-02 MeV)
   94244.09c (from 2.49E-04 to 1.00E-02 MeV)
   95241.09c (from 1.50E-04 to 3.00E-02 MeV)
   95242.09c (from 1.00E-04 to 4.43E-02 MeV)
   95342.09c (from 4.30E-05 to 2.73E-02 MeV)
   95243.09c (from 2.50E-04 to 4.24E-02 MeV)
   96240.09c (from 1.50E-04 to 3.00E-02 MeV)
   96242.09c (from 2.76E-04 to 1.00E-02 MeV)
   96243.09c (from 1.00E-04 to 4.22E-02 MeV)
   96244.09c (from 1.00E-03 to 4.00E-02 MeV)
   96245.09c (from 1.00E-04 to 5.50E-02 MeV)
   96246.09c (from 4.00E-04 to 4.30E-02 MeV)
   96247.09c (from 6.00E-05 to 3.00E-02 MeV)
   96248.09c (from 2.40E-03 to 1.00E-02 MeV)
   96249.09c (from 1.50E-04 to 2.50E-02 MeV)
   96250.09c (from 1.50E-04 to 3.00E-02 MeV)
   97249.09c (from 6.00E-05 to 3.00E-02 MeV)
   97250.09c (from 1.00E-04 to 3.00E-02 MeV)
   98249.09c (from 7.00E-05 to 3.00E-02 MeV)
   98250.09c (from 2.86E-04 to 1.00E-02 MeV)
   98251.09c (from 1.64E-04 to 1.00E-02 MeV)
   98252.09c (from 3.67E-04 to 1.00E-02 MeV)
   98253.09c (from 1.00E-04 to 1.00E-02 MeV)
   99253.09c (from 1.01E-04 to 1.00E-02 MeV)

Normalizing compositions and processing mixtures...
OK.

Allocating memory for macroscopic cross section data...
OK.

Allocating memory for particle structures...
OK.

Calculating maximum densities...
OK.

Performing density cut-off...
OK.

Performing ures dilution cut-off with 1.0E-09 threshold...

 - Ures ptable data used with 128 nuclides:

   11022.09c (from 1.50E-02 to 1.00E-01 MeV)
   35079.09c (from 5.50E-03 to 1.00E-01 MeV)
   35081.09c (from 1.60E-02 to 1.00E-01 MeV)
   37085.09c (from 8.47E-03 to 1.00E-01 MeV)
   37086.09c (from 3.00E-03 to 5.62E-01 MeV)
   37087.09c (from 1.25E-02 to 1.00E-01 MeV)
   38086.09c (from 3.00E-02 to 1.00E-01 MeV)
   38087.09c (from 1.41E-02 to 1.00E-01 MeV)
   38089.09c (from 1.40E-03 to 1.00E-01 MeV)
   38090.09c (from 6.00E-03 to 1.00E-01 MeV)
   39090.09c (from 1.00E-02 to 2.05E-01 MeV)
   39091.09c (from 3.80E-04 to 1.00E-01 MeV)
   40090.09c (from 6.00E-02 to 4.00E-01 MeV)
   40091.09c (from 2.00E-02 to 1.00E-01 MeV)
   40092.09c (from 7.10E-02 to 1.00E-01 MeV)
   40093.09c (from 6.80E-03 to 1.00E-01 MeV)
   40094.09c (from 9.00E-02 to 1.00E-01 MeV)
   40095.09c (from 1.25E-04 to 1.00E-01 MeV)
   42098.09c (from 3.20E-02 to 1.00E-01 MeV)
   42099.09c (from 2.40E-05 to 1.00E-01 MeV)
   42100.09c (from 2.60E-02 to 1.00E-01 MeV)
   44101.09c (from 1.04E-03 to 1.28E-01 MeV)
   44102.09c (from 1.34E-02 to 1.00E-01 MeV)
   44103.09c (from 3.50E-04 to 1.00E-01 MeV)
   44104.09c (from 1.11E-02 to 1.00E-01 MeV)
   44106.09c (from 5.00E-04 to 1.00E-01 MeV)
   45105.09c (from 7.50E-06 to 1.00E-01 MeV)
   46107.09c (from 1.00E-03 to 1.00E-01 MeV)
   52130.09c (from 3.10E-02 to 1.00E-01 MeV)
   52132.09c (from 2.78E-02 to 9.81E-01 MeV)
   53129.09c (from 3.40E-03 to 1.00E-01 MeV)
   53130.09c (from 5.60E-04 to 4.03E-02 MeV)
   53131.09c (from 3.00E-05 to 1.00E-01 MeV)
   55133.09c (from 3.99E-03 to 8.16E-02 MeV)
   55134.09c (from 1.80E-04 to 1.00E-01 MeV)
   55135.09c (from 2.20E-04 to 1.00E-01 MeV)
   55136.09c (from 2.90E-05 to 1.00E-01 MeV)
   55137.09c (from 1.70E-03 to 1.00E-01 MeV)
   56134.09c (from 1.10E-02 to 1.00E-01 MeV)
   56135.09c (from 4.70E-03 to 1.00E-01 MeV)
   56136.09c (from 3.50E-02 to 1.00E-01 MeV)
   56137.09c (from 1.25E-02 to 1.00E-01 MeV)
   56140.09c (from 2.30E-02 to 1.00E-01 MeV)
   57138.09c (from 3.30E-04 to 1.00E-01 MeV)
   57139.09c (from 2.00E-02 to 1.00E-01 MeV)
   57140.09c (from 9.99E-04 to 3.02E-02 MeV)
   58139.09c (from 3.01E-04 to 2.57E-01 MeV)
   58141.09c (from 3.50E-04 to 1.00E-01 MeV)
   58142.09c (from 1.30E-02 to 1.00E-01 MeV)
   58143.09c (from 4.60E-04 to 1.90E-02 MeV)
   58144.09c (from 5.00E-05 to 1.00E-01 MeV)
   59141.09c (from 1.01E-02 to 1.46E-01 MeV)
   59142.09c (from 9.99E-04 to 3.68E-03 MeV)
   59143.09c (from 3.75E-04 to 1.00E-01 MeV)
   60142.09c (from 2.25E-02 to 2.00E-01 MeV)
   60143.09c (from 5.50E-03 to 2.25E-01 MeV)
   60144.09c (from 9.98E-03 to 2.50E-01 MeV)
   60145.09c (from 3.98E-03 to 6.77E-02 MeV)
   60146.09c (from 7.60E-03 to 4.57E-01 MeV)
   60147.09c (from 1.80E-04 to 5.03E-02 MeV)
   60148.09c (from 9.99E-03 to 3.00E-01 MeV)
   60150.09c (from 1.39E-02 to 1.31E-01 MeV)
   61147.09c (from 1.02E-04 to 1.00E-01 MeV)
   61148.09c (from 1.10E-06 to 1.00E-01 MeV)
   61149.09c (from 2.60E-06 to 1.00E-01 MeV)
   61151.09c (from 1.56E-04 to 8.57E-02 MeV)
   62147.09c (from 1.99E-03 to 1.22E-01 MeV)
   62148.09c (from 9.14E-04 to 4.27E-01 MeV)
   62149.09c (from 5.20E-04 to 2.27E-02 MeV)
   62150.09c (from 1.57E-03 to 3.36E-01 MeV)
   62151.09c (from 2.96E-04 to 6.63E-02 MeV)
   62152.09c (from 5.15E-03 to 1.23E-01 MeV)
   62153.09c (from 2.50E-05 to 6.50E-03 MeV)
   62154.09c (from 5.20E-03 to 8.25E-02 MeV)
   63151.09c (from 1.00E-04 to 1.00E-01 MeV)
   63152.09c (from 6.20E-05 to 1.00E-01 MeV)
   63153.09c (from 9.78E-05 to 8.39E-02 MeV)
   63154.09c (from 2.75E-05 to 1.00E-01 MeV)
   63155.09c (from 2.97E-05 to 1.00E-01 MeV)
   63156.09c (from 1.00E-06 to 1.00E-01 MeV)
   63157.09c (from 6.72E-05 to 7.72E-02 MeV)
   64152.09c (from 2.66E-03 to 3.46E-01 MeV)
   64153.09c (from 1.32E-04 to 4.10E-02 MeV)
   64154.09c (from 2.76E-03 to 1.23E-01 MeV)
   64155.09c (from 1.83E-04 to 6.04E-02 MeV)
   64156.09c (from 2.23E-03 to 9.00E-02 MeV)
   64157.09c (from 3.07E-04 to 5.49E-02 MeV)
   64158.09c (from 9.98E-03 to 8.00E-02 MeV)
   64160.09c (from 9.66E-03 to 7.50E-02 MeV)
   65159.09c (from 1.25E-03 to 1.00E-01 MeV)
   65160.09c (from 9.00E-06 to 6.40E-02 MeV)
   66160.09c (from 2.01E-03 to 8.73E-02 MeV)
   66161.09c (from 9.96E-04 to 2.58E-02 MeV)
   66162.09c (from 4.85E-03 to 8.12E-02 MeV)
   66163.09c (from 9.97E-04 to 7.39E-02 MeV)
   66164.09c (from 7.00E-03 to 7.38E-02 MeV)
   67366.09c (from 6.50E-05 to 1.33E-01 MeV)
   68167.09c (from 1.75E-03 to 1.00E-02 MeV)
   68170.09c (from 5.00E-03 to 7.91E-02 MeV)
   92234.09c (from 1.50E-03 to 1.00E-01 MeV)
   92235.09c (from 2.25E-03 to 2.50E-02 MeV)
   92236.09c (from 1.50E-03 to 1.00E-01 MeV)
   92237.09c (from 1.03E-04 to 1.00E-02 MeV)
   92238.09c (from 2.00E-02 to 1.49E-01 MeV)
   92239.09c (from 1.03E-04 to 1.00E-02 MeV)
   93237.09c (from 5.00E-04 to 3.50E-02 MeV)
   94238.09c (from 2.00E-04 to 1.00E-02 MeV)
   94239.09c (from 2.50E-03 to 3.00E-02 MeV)
   94240.09c (from 5.70E-03 to 4.00E-02 MeV)
   94241.09c (from 3.00E-04 to 4.02E-02 MeV)
   94242.09c (from 9.86E-04 to 1.00E-02 MeV)
   94243.09c (from 1.02E-04 to 1.00E-02 MeV)
   94244.09c (from 2.49E-04 to 1.00E-02 MeV)
   95241.09c (from 1.50E-04 to 3.00E-02 MeV)
   95242.09c (from 1.00E-04 to 4.43E-02 MeV)
   95342.09c (from 4.30E-05 to 2.73E-02 MeV)
   95243.09c (from 2.50E-04 to 4.24E-02 MeV)
   96242.09c (from 2.76E-04 to 1.00E-02 MeV)
   96243.09c (from 1.00E-04 to 4.22E-02 MeV)
   96244.09c (from 1.00E-03 to 4.00E-02 MeV)
   96245.09c (from 1.00E-04 to 5.50E-02 MeV)
   96246.09c (from 4.00E-04 to 4.30E-02 MeV)
   96247.09c (from 6.00E-05 to 3.00E-02 MeV)
   96248.09c (from 2.40E-03 to 1.00E-02 MeV)
   97249.09c (from 6.00E-05 to 3.00E-02 MeV)
   98249.09c (from 7.00E-05 to 3.00E-02 MeV)
   98250.09c (from 2.86E-04 to 1.00E-02 MeV)
   98251.09c (from 1.64E-04 to 1.00E-02 MeV)

 - Ures ptable data excluded in 125 nuclides.
 - Sampling used from 1.00E-06 to 9.81E-01 MeV

OK.

Sorting material-wise reaction lists:

   0% complete
 100% complete

Calculating macroscopic cross sections:

   0% complete
 100% complete

Calculating DT neutron majorant cross section:

   0% complete
 100% complete

Clearing results and statistics...
OK.

Sampling initial source...

***** Tue Oct  8 18:55:25 2019 (seed = 1570553561, MPI task = 0, OMP thread = 3)

Tracking error: cell search error (possibly undefined region)

(x,y,z)  = -2.39656E+02 -2.13671E+01 -7.91061E+01
(u,v,w)  =  0.00000E+00  0.00000E+00  1.00000E+00

Lost particles: 10

Checking geometry errors (this may fail)...


***** Tue Oct  8 18:55:25 2019 (seed = 1570553561, MPI task = 0, OMP thread = 6)

Tracking error: cell search error (possibly undefined region)

(x,y,z)  =  1.60932E+02 -1.42711E+02 -4.81261E+02
(u,v,w)  =  0.00000E+00  0.00000E+00  1.00000E+00

Lost particles: 10

Checking geometry errors (this may fail)...

Geometry error: undefined region.

Geometry structure at last position is printed below.
Some levels may not be printed correctly. Look for the
first level that fails: undefined region, suspicious
local coordinates, etc., and check the corresponding
geometry definition in the input.

Level 0 / universe 0 :
Cell universe / overlap or undefined cell
(x,y,z)  =  1.60932E+02 -1.42711E+02 -4.81261E+02
(u,v,w)  =  0.00000E+00  0.00000E+00  1.00000E+00

***** Tue Oct  8 18:55:25 2019 (seed = 1570553561, MPI task = 0, OMP thread = 4)

Tracking error: cell search error (possibly undefined region)

(x,y,z)  =  1.05280E+02 -2.16321E+02 -1.83142E+01
(u,v,w)  =  0.00000E+00  0.00000E+00  1.00000E+00

Lost particles: 10

Checking geometry errors (this may fail)...

Geometry error: undefined region.

Geometry structure at last position is printed below.
Some levels may not be printed correctly. Look for the
first level that fails: undefined region, suspicious

***** Tue Oct  8 18:55:25 2019 (seed = 1570553561, MPI task = 0, OMP thread = 11)

Tracking error: cell search error (possibly undefined region)

(x,y,z)  = -1.86869E+02 -1.50601E+02 -3.74935E+02

***** Tue Oct  8 18:55:25 2019 (seed = 1570553561, MPI task = 0, OMP thread = 9)

Tracking error: cell search error (possibly undefined region)

(x,y,z)  =  2.12821E+02  1.13404E+02 -2.85724E+02
(u,v,w)  =  0.00000E+00  0.00000E+00  1.00000E+00

Lost particles: 10

Checking geometry errors (this may fail)...

(u,v,w)  =  0.00000E+00  0.00000E+00  1.00000E+00
Geometry error: undefined region.

***** Tue Oct  8 18:55:25 2019 (seed = 1570553561, MPI task = 0, OMP thread = 5)

Tracking error: cell search error (possibly undefined region)

(x,y,z)  =  5.73349E+01 -2.34316E+02  1.64411E+02
(u,v,w)  =  0.00000E+00  0.00000E+00  1.00000E+00

Lost particles: 10

Checking geometry errors (this may fail)...

Geometry error: undefined region.

Geometry structure at last position is printed below.
Some levels may not be printed correctly. Look for the
first level that fails: undefined region, suspicious
local coordinates, etc., and check the corresponding
geometry definition in the input.

Level 0 / universe 0 :
Cell universe / overlap or undefined cell
(x,y,z)  =  5.73349E+01 -2.34316E+02  1.64411E+02
(u,v,w)  =  0.00000E+00  0.00000E+00  1.00000E+00

Simulation aborted.


****** Tue Oct  8 18:55:25 2019 (seed = 1570553561, MPI task = 0, OMP thread = 7)

