
  _                   .-=-.           .-=-.          .-==-.       
 { }      __        .' O o '.       .' O o '.       /  -<' )--<   
 { }    .' O'.     / o .-. O \     / o .-. O \     /  .---`       
 { }   / .-. o\   /O  /   \  o\   /O  /   \  o\   /O /            
  \ `-` /   \ O`-'o  /     \  O`-'o  /     \  O`-`o /             
   `-.-`     '.____.'       `._____.'       `.____.'              

Serpent 2 beta

A Continuous-energy Monte Carlo Reactor Physics Burnup Calculation Code

 - Version 2.1.29 (June 12, 2017) -- Contact: serpent@vtt.fi

 - Reference: J. Leppanen, et al. "The Serpent Monte Carlo code: Status,
              development and applications in 2013." Ann. Nucl. Energy,
              82 (2015) 142-150.

 - Compiled Sep 29 2017 09:47:13

 - MPI Parallel calculation mode not available

 - OpenMP Parallel calculation mode available

 - Geometry and mesh plotting available

 - Default data path set to: "/afs/psi.ch/project/stars/workspace/COD/SERP/SB-SERP-ACT-001-11/Libraries/jeff311"

Begin calculation on Thu Oct 10 00:42:38 2019

Reading input file "eql_40.serp"...
Reading input file "../../data/fuel_40.serp"...
Reading input file "../../data/materials.serp"...
Reading input file "geometry_40.serp"...

Checking duplicate input definitions...
OK.

Dividing burnable materials...
OK.

Creating geometry...
OK.

Counting geometry zones...


 ***** Warning: Universe 8 is used at multiple levels (1 and 3)

The geometry consists of 4 levels:

Level 0 size: max 4 zones
Level 1 size: max 1 zones
Level 2 size: max 3 zones
Level 3 size: max 1 zones

Processing cells...
OK.

Linking materials to geometry...
OK.

Counting cells...
OK.

Processing data for group constant generation:

 - 70 energy groups in micro-group structure
 - 8 energy groups in macro-group structure
 - B1 fundamental mode calculation is not run
 - Group constants generated in 4 universes
 - Discontinuity factors are not calculated
 - Pin-power distributions are not calculated
 - Albedos are not calculated
 - Poison cross sections are not calculated

Calculating material volumes by Monte Carlo...

Estimated calculation time: 1:34:40
Realized calculation time:  1:18:27

Volumes (in cm3) :

Material fuel          : 5.3751E+07 1.7301E+08 (0.00000) :    > 1.0 * (100.0 % den.)
Material pbo           : 0.0000E+00 2.5035E+08 (0.00000) :      N/A * (100.0 % den.)
Material hast          : 0.0000E+00 4.3486E+06 (0.00004) :      N/A * (100.0 % den.)

Volumes written in file "eql_40.serp.mvol"

OK.

